,,,,,,,,,,,,,,,,,,,,,,,,,,,,,
randomseed,[1],modified_value,[i],x[1.000000],from,[1],,,,,,,,,,,,,,,,,,,,,,,
drone_no,t,delta_des,delta_l,delta_f2,delta_f3,delta_obs[-1],delta_obs[-2],delta_obs[-3],delta_wall,cont_s_des,cont_s_l,cont_s_f2,cont_s_f3,cont_s_obs[-1],cont_s_obs[-2],cont_s_obs[-3],cont_s_wall,dist_d_obs_ltr,dist_d_obs_dia,dist_d_obs_btt,relative_s_obs_dia,dist_first_saw,dist_biggest_infl,dist_closest,accu_infl,max_relative_s,extra_dist_with_1st,extra_dist_with_2nd,extra_dist_with_3rd
1,1,0.0794808998,0.0724528279,0,0,0,0,0,0,0.5231287419,0.4768712581,0,0,0,0,0,0,997.337540144,997.337539977,4.1972056192,0.7496808467,to_be_removed,to_be_removed,to_be_removed,to_be_removed,0.7496808467,to_be_removed,to_be_removed,to_be_removed
1,2,0.0247682208,0.0787549985,0,6.37678312693E-06,0,0,0,0,0.23923807,0.7607003362,0,6.15938182876E-05,0,0,0,0,997.25168768,997.251687357,4.1889790539,0.7496934734,to_be_removed,to_be_removed,to_be_removed,to_be_removed,0.7496934734,to_be_removed,to_be_removed,to_be_removed
1,3,0.0565685425,0.0008694112,0,0,0,0,0,0,0.9848634726,0.0151365274,0,0,0,0,0,0,997.163860207,997.163859705,4.1908836891,0.749680949,to_be_removed,to_be_removed,to_be_removed,to_be_removed,0.7496934734,to_be_removed,to_be_removed,to_be_removed
1,4,0.0553443238,0.0318859093,0,5.47559525775E-06,0,0,0,0,0.6344228145,0.3655144176,0,6.27678199644E-05,0,0,0,0,997.111493215,997.111492563,4.1504117597,0.7496901782,to_be_removed,to_be_removed,to_be_removed,to_be_removed,0.7496934734,to_be_removed,to_be_removed,to_be_removed
1,5,0.006494282,0.0082610755,0,0.0006134018,0,0,0,0,0.4225638439,0.5375239028,0,0.0399122534,0,0,0,0,997.028876932,997.028876147,4.1391631119,0.7497029182,to_be_removed,to_be_removed,to_be_removed,to_be_removed,0.7497029182,to_be_removed,to_be_removed,to_be_removed
1,6,0.0274581622,0.0104271482,0,0.0041437195,0,0,0,0,0.6533142033,0.2480939542,0,0.0985918424,0,0,0,0,996.955952285,996.955951379,4.1186727194,0.7497154857,to_be_removed,to_be_removed,to_be_removed,to_be_removed,0.7497154857,to_be_removed,to_be_removed,to_be_removed
1,7,0.0601955434,0.0194718661,0.000925578,0.0059430265,0,0,0,0,0.695612619,0.2250145948,0.0106958709,0.0686769154,0,0,0,0,996.892652834,996.892651815,4.089159785,0.7497270894,to_be_removed,to_be_removed,to_be_removed,to_be_removed,0.7497270894,to_be_removed,to_be_removed,to_be_removed
1,8,0.0667049062,0.0202254437,0.0011378779,0.0006803233,0,0,0,0,0.7516168474,0.2278960445,0.0128213682,0.0076657399,0,0,0,0,996.844484727,996.844483592,4.0456721376,0.7497348225,to_be_removed,to_be_removed,to_be_removed,to_be_removed,0.7497348225,to_be_removed,to_be_removed,to_be_removed
1,9,0.0772283602,0.0443223104,0.0022504412,0.0025133994,0,0,0,0,0.6113973722,0.3508885085,0.0178161729,0.0198979463,0,0,0,0,996.78159064,996.78158941,4.0162360311,0.7497463679,to_be_removed,to_be_removed,to_be_removed,to_be_removed,0.7497463679,to_be_removed,to_be_removed,to_be_removed
1,10,0.052781799,0.0494843044,0.0075803808,0.0001643922,0,0,0,0,0.4797870968,0.4498128372,0.0689057393,0.0014943267,0,0,0,0,996.741453473,996.741452102,3.9666779054,0.7497453095,to_be_removed,to_be_removed,to_be_removed,to_be_removed,0.7497463679,to_be_removed,to_be_removed,to_be_removed
1,11,0.0782423163,0.0773195143,0.0041173912,0.0077256505,0,0,0,0,0.4673837459,0.4618713497,0.0245954085,0.0461494958,0,0,0,0,996.678524857,996.678523407,3.937517705,0.7497568618,to_be_removed,to_be_removed,to_be_removed,to_be_removed,0.7497568618,to_be_removed,to_be_removed,to_be_removed
1,12,0.0058555956,0.0089498169,0.0096916694,0.012981939,0,0,0,0,0.1562366215,0.2387953768,0.2585891832,0.3463788184,0,0,0,0,996.600999689,996.600998037,3.9274531294,0.7497441101,to_be_removed,to_be_removed,to_be_removed,to_be_removed,0.7497568618,to_be_removed,to_be_removed,to_be_removed
1,13,0.079693834,0.0063127582,0.0002040524,5.14086280723E-05,0,0,0,0,0.9238573735,0.0731811729,0.0023654949,0.0005959588,0,0,0,0,996.552599799,996.552597963,3.8876298019,0.7497362754,to_be_removed,to_be_removed,to_be_removed,to_be_removed,0.7497568618,to_be_removed,to_be_removed,to_be_removed
1,14,0.0799970233,0.0109264445,7.43892673278E-05,0.0001047518,0,0,0,0,0.8780980509,0.1199355834,0.0008165438,0.0011498219,0,0,0,0,996.500924274,996.500922239,3.8515622033,0.7497272518,to_be_removed,to_be_removed,to_be_removed,to_be_removed,0.7497568618,to_be_removed,to_be_removed,to_be_removed
1,15,0.077987122,0.0003648341,0,0.0002776879,0,0,0,0,0.991828502,0.0046399049,0,0.0035315931,0,0,0,0,996.455839385,996.455837162,3.8084224181,0.7497210148,to_be_removed,to_be_removed,to_be_removed,to_be_removed,0.7497568618,to_be_removed,to_be_removed,to_be_removed
1,16,0.0787105571,0.0049229344,0,0.0001024437,0,0,0,0,0.9399854061,0.0587911798,0,0.0012234141,0,0,0,0,996.411330473,996.411328059,3.7647537476,0.7497151186,to_be_removed,to_be_removed,to_be_removed,to_be_removed,0.7497568618,to_be_removed,to_be_removed,to_be_removed
1,17,0.0765926848,0.0022519376,0,0.0002505618,0,0,0,0,0.9683609133,0.0284712351,0,0.0031678516,0,0,0,0,996.368794962,996.368792361,3.7188242604,0.7497106386,to_be_removed,to_be_removed,to_be_removed,to_be_removed,0.7497568618,to_be_removed,to_be_removed,to_be_removed
1,18,0.0664212508,0.0028598178,0,0.000376766,0,0,0,0,0.9535359699,0.0410552207,0,0.0054088094,0,0,0,0,996.32686969,996.326866903,3.6722019412,0.7497067187,to_be_removed,to_be_removed,to_be_removed,to_be_removed,0.7497568618,to_be_removed,to_be_removed,to_be_removed
1,19,0.0705069325,0.0009335701,0,0.0003197094,0,0,0,0,0.9825351758,0.013009578,0,0.0044552462,0,0,0,0,996.285538989,996.285536019,3.6248530718,0.7497034466,to_be_removed,to_be_removed,to_be_removed,to_be_removed,0.7497568618,to_be_removed,to_be_removed,to_be_removed
1,20,0.0700274326,0.0018330572,0,0.0003122207,0,0,0,0,0.9702757752,0.0253982033,0,0.0043260214,0,0,0,0,1.8849004269,1.6850515795,1.3148408309,0.3164192823,to_be_removed,to_be_removed,to_be_removed,to_be_removed,0.7497568618,to_be_removed,to_be_removed,to_be_removed
1,21,0.0689022857,0.0015626633,0,0.0003510027,0,0,0,0,0.9729769077,0.0220665444,0,0.0049565479,0,0,0,0,1.9317761531,1.5657252712,1.2701605146,0.3149522613,to_be_removed,to_be_removed,to_be_removed,to_be_removed,0.7497568618,to_be_removed,to_be_removed,to_be_removed
1,22,0.0676946587,0.0008525988,0,0.0003688526,0,0,0,0,0.9822762582,0.0123715454,0,0.0053521964,0,0,0,0,1.9803563834,1.4465700274,1.2249236881,0.3135621071,to_be_removed,to_be_removed,to_be_removed,to_be_removed,0.7497568618,to_be_removed,to_be_removed,to_be_removed
1,23,0.0341577837,0.0005467921,0,0.0005018118,0,0,0,0,0.9702155231,0.0155310473,0,0.0142534296,0,0,0,0,2.0306787588,1.3276778327,1.1793351033,0.3121363306,to_be_removed,to_be_removed,to_be_removed,to_be_removed,0.7497568618,to_be_removed,to_be_removed,to_be_removed
1,24,0.0674905322,0.0007330046,0,0.0003459773,0,0,0,0,0.9842644069,0.0106899495,0,0.0050456437,0,0,0,0,2.0851767165,1.2089346858,1.1347427775,0.309929554,to_be_removed,to_be_removed,to_be_removed,to_be_removed,0.7497568618,to_be_removed,to_be_removed,to_be_removed
1,25,0.033832036,0.0008132921,0,0.0004722564,0,0,0,0,0.9633930265,0.0231591132,0,0.0134478603,0,0,0,0,2.1409089915,1.0905838929,1.0898382199,0.3074479989,to_be_removed,to_be_removed,to_be_removed,to_be_removed,0.7497568618,to_be_removed,to_be_removed,to_be_removed
1,26,0.0335515419,0.0006111896,0,0.0004456799,0,0,0,0,0.9694620624,0.0176601458,0,0.0128777918,0,0,0,0,2.1990294158,0.9726622786,1.0453389541,0.3041091719,to_be_removed,to_be_removed,to_be_removed,to_be_removed,0.7497568618,to_be_removed,to_be_removed,to_be_removed
1,27,0.0321814995,0.0003755632,0,0.0004660018,0,0,0,0,0.9745158407,0.011372755,0,0.0141114044,0,0,0,0,2.259346983,0.8553969397,1.0013022739,0.2994772601,to_be_removed,to_be_removed,to_be_removed,to_be_removed,0.7497568618,to_be_removed,to_be_removed,to_be_removed
1,28,0.0576573523,0.0074441019,0,0.0003173011,0,0,0,0,0.8813581362,0.1137915556,0,0.0048503083,0,0,0,0,2.2461588321,0.8154533868,0.9661836893,0.2933610438,to_be_removed,to_be_removed,to_be_removed,to_be_removed,0.7497568618,to_be_removed,to_be_removed,to_be_removed
1,29,0.0660454154,0.0044535131,0,0.0003065664,0,0,0,0,0.9327724573,0.0628978453,0,0.0043296974,0,0,0,0,2.1721434591,0.7391360881,0.9572075318,0.2867962567,to_be_removed,to_be_removed,to_be_removed,to_be_removed,0.7497568618,to_be_removed,to_be_removed,to_be_removed
1,30,0.0634968932,0.0021326381,0,0.0003571853,0,0,0,0,0.9622678095,0.0323192025,0,0.005412988,0,0,0,0,2.1524144794,0.7000295664,0.9194724406,0.2771448271,to_be_removed,to_be_removed,to_be_removed,to_be_removed,0.7497568618,to_be_removed,to_be_removed,to_be_removed
1,31,0.0777438207,0.0020429989,0,0.0002315101,0,0.0004741851,0,0,0.9658515558,0.0253812288,0,0.0028761698,0,0.0058910456,0,0,2.2269027212,0.6256901389,0.9105813522,0.2603000855,to_be_removed,to_be_removed,to_be_removed,to_be_removed,0.7497568618,to_be_removed,to_be_removed,to_be_removed
1,32,0.012027551,0.0067339539,0,0.0001005172,0,0.0775317035,0,0,0.124775248,0.0698588404,0,0.001042777,0,0.8043231346,0,0,2.204808596,0.5872511184,0.87190159,0.2298264042,to_be_removed,to_be_removed,to_be_removed,to_be_removed,0.7497568618,to_be_removed,to_be_removed,to_be_removed
1,33,0.0054002585,0.0108024171,0,0.007665059,0,0.0794212437,0,0,0.052283008,0.1045844128,0,0.0742098445,0,0.7689227348,0,0,2.1298842612,0.5161840133,0.8630879922,0.1913942037,to_be_removed,to_be_removed,to_be_removed,to_be_removed,0.7497568618,to_be_removed,to_be_removed,to_be_removed
1,34,0.0400469058,0.0160593653,0,0.0115371583,0,0.0613103846,0,0,0.3105523178,0.1245357914,0,0.0894673675,0,0.4754445233,0,0,2.1062034656,0.4777917259,0.8240828187,0.1320494868,to_be_removed,to_be_removed,to_be_removed,to_be_removed,0.7497568618,to_be_removed,to_be_removed,to_be_removed
1,35,0.0504104297,0.0050544222,0,0.0001041653,0,0.0464023493,0,0,0.4943586759,0.0495670737,0,0.0010215149,0,0.4550527355,0,0,2.1815407174,0.4126409011,0.8153469236,0.0193991725,to_be_removed,to_be_removed,to_be_removed,to_be_removed,0.7497568618,to_be_removed,to_be_removed,to_be_removed
1,36,0.0693494815,0.0002323401,0,0,0,0.0085119132,0,0,0.8880287474,0.0029751438,0,0,0,0.1089961089,0,0,2.1567743278,0.3740473478,0.7759762292,0.0884337641,to_be_removed,to_be_removed,to_be_removed,to_be_removed,0.7497568618,to_be_removed,to_be_removed,to_be_removed
1,37,0.0684289735,0.0004506919,0,0,0,0.0141739359,0,0,0.8239133818,0.0054265179,0,0,0,0.1706601003,0,0,2.0810504461,0.3203284745,0.7673147689,0.0445533319,to_be_removed,to_be_removed,to_be_removed,to_be_removed,0.7497568618,to_be_removed,to_be_removed,to_be_removed
1,38,0.0715398382,0.0008693957,0,0,0,0.002473575,0,0,0.9553573018,0.0116100837,0,0,0,0.0330326144,0,0,2.0817026499,0.3548996086,0.7941522578,0.1280004094,to_be_removed,to_be_removed,to_be_removed,to_be_removed,0.7497568618,to_be_removed,to_be_removed,to_be_removed
1,39,0.0670914747,0.0005459892,0,0,0,0.0110220603,0,0,0.852935171,0.0069411705,0,0,0,0.1401236585,0,0,2.1569259186,0.3114198236,0.7853364079,0.0821497833,to_be_removed,to_be_removed,to_be_removed,to_be_removed,0.7497568618,to_be_removed,to_be_removed,to_be_removed
1,40,0.0797886141,0.0006197425,0,0,0,0.0005338522,0,0,0.9857479211,0.0076566053,0,0,0,0.0065954736,0,0,2.1776555783,0.3508685433,0.82364993,0.1210381506,to_be_removed,to_be_removed,to_be_removed,to_be_removed,0.7497568618,to_be_removed,to_be_removed,to_be_removed
1,41,0.0633840521,0.0007613067,0,0,0,0.0154389396,0,0,0.7964391645,0.0095660413,0,0,0,0.1939947942,0,0,2.1028776301,0.3206736449,0.8147944402,0.0827154165,to_be_removed,to_be_removed,to_be_removed,to_be_removed,0.7497568618,to_be_removed,to_be_removed,to_be_removed
1,42,0.0788620132,0.0014178311,0,0,0,0.0006194276,0,0,0.974817342,0.0175258825,0,0,0,0.0076567755,0,0,2.1292548744,0.3265465159,0.8157004649,0.1319327846,to_be_removed,to_be_removed,to_be_removed,to_be_removed,0.7497568618,to_be_removed,to_be_removed,to_be_removed
1,43,0.0698253757,0.0008503381,0,0,0,0.0038418069,0,0,0.9370329961,0.0114112511,0,0,0,0.0515557528,0,0,2.2044203797,0.3289805013,0.8071139955,0.0889670481,to_be_removed,to_be_removed,to_be_removed,to_be_removed,0.7497568618,to_be_removed,to_be_removed,to_be_removed
1,44,0.078913638,0.001009138,0,0,0.0002550555,0,0,0,0.9842326306,0.0125862467,0,0,0.0031811227,0,0,0,2.2187339337,0.3341900215,0.7950993991,0.1425672187,to_be_removed,to_be_removed,to_be_removed,to_be_removed,0.7497568618,to_be_removed,to_be_removed,to_be_removed
1,45,0.066268067,0.0010935887,0,0,1.12086087786E-05,0.0040586965,0,0,0.9277141122,0.0153096012,0,0,0.000156914,0.0568193727,0,0,2.1431078313,0.3808655738,0.7868038786,0.1073494867,to_be_removed,to_be_removed,to_be_removed,to_be_removed,0.7497568618,to_be_removed,to_be_removed,to_be_removed
1,46,0.0689094133,0.0004700458,0,0,0.0051555787,0,0,0,0.9245237595,0.0063063731,0,0,0.0691698674,0,0,0,2.1212090661,0.3606066408,0.7493129238,0.1047499327,to_be_removed,to_be_removed,to_be_removed,to_be_removed,0.7497568618,to_be_removed,to_be_removed,to_be_removed
1,47,0.0547165575,0.0002117733,0,0,0,0.0092979721,0,0,0.8519337878,0.0032972984,0,0,0,0.1447689137,0,0,2.1972301308,0.3680809055,0.7411629295,0.1039930395,to_be_removed,to_be_removed,to_be_removed,to_be_removed,0.7497568618,to_be_removed,to_be_removed,to_be_removed
1,48,0.0597478859,8.07553160375E-05,0,0,0.0092878584,0,0,0,0.864451849,0.0011683942,0,0,0.1343797569,0,0,0,2.1818558882,0.3489894126,0.7069406467,0.119607626,to_be_removed,to_be_removed,to_be_removed,to_be_removed,0.7497568618,to_be_removed,to_be_removed,to_be_removed
1,49,0.0575782839,0.0003580578,0,0,0.0036639488,0.0011812817,0,0,0.9171207701,0.0057032313,0,0,0.0583602591,0.0188157394,0,0,2.1054192711,0.4116259679,0.699009535,0.0820534242,to_be_removed,to_be_removed,to_be_removed,to_be_removed,0.7497568618,to_be_removed,to_be_removed,to_be_removed
1,50,0.0564137015,9.2149277521E-05,0,0,0.0086617974,0,0,0,0.8656703606,0.0014140341,0,0,0.1329156053,0,0,0,2.0812648487,0.3913040735,0.6610089763,0.1443961457,to_be_removed,to_be_removed,to_be_removed,to_be_removed,0.7497568618,to_be_removed,to_be_removed,to_be_removed
1,51,0.0574505481,0.0006862886,0,0,0.0031372063,0.0009943183,0,0,0.9226282329,0.0110214658,0,0,0.0503820273,0.015968274,0,0,2.1580474807,0.3721083385,0.6532483464,0.1187079807,to_be_removed,to_be_removed,to_be_removed,to_be_removed,0.7497568618,to_be_removed,to_be_removed,to_be_removed
1,52,0.0568523602,0.000211195,0,0,0.0036981647,0.0011835823,0,0,0.9177832419,0.0034093789,0,0,0.0597004862,0.019106893,0,0,2.1424771078,0.3557252679,0.6196810757,0.0893464799,to_be_removed,to_be_removed,to_be_removed,to_be_removed,0.7497568618,to_be_removed,to_be_removed,to_be_removed
1,53,0.0556036811,0.0004902896,0,0,0.0002674404,0.0053195571,0,0,0.901472248,0.0079487986,0,0,0.0043358662,0.0862430872,0,0,2.0653150617,0.4355939605,0.6122079037,0.1888421714,to_be_removed,to_be_removed,to_be_removed,to_be_removed,0.7497568618,to_be_removed,to_be_removed,to_be_removed
1,54,0.058477451,2.52816673303E-05,0,0,0.000091706,0.0065609003,0,0,0.8975082004,0.0003880214,0,0,0.0014074974,0.1006962808,0,0,2.0417162936,0.4136194682,0.5750286291,0.151572992,to_be_removed,to_be_removed,to_be_removed,to_be_removed,0.7497568618,to_be_removed,to_be_removed,to_be_removed
1,55,0.0607250136,0.0004572252,0,0,1.2917586894E-06,0.0085489973,0,0,0.8708276531,0.0065568428,0,0,1.85244781537E-05,0.1225969797,0,0,2.1191963097,0.3637762362,0.5678015813,0.1153875135,to_be_removed,to_be_removed,to_be_removed,to_be_removed,0.7497568618,to_be_removed,to_be_removed,to_be_removed
1,56,0.0652840392,0.0001740588,0,0,0,0.0048566958,0,0,0.9284538242,0.0024754225,0,0,0,0.0690707533,0,0,2.1090256019,0.3518432168,0.5392193103,0.0832189737,to_be_removed,to_be_removed,to_be_removed,to_be_removed,0.7497568618,to_be_removed,to_be_removed,to_be_removed
1,57,0.0662631512,0.000398701,0,0,0,0.0015669565,0,0,0.9711902128,0.0058435869,0,0,0,0.0229662003,0,0,2.0311880768,0.4317601492,0.5324453276,0.1806356074,to_be_removed,to_be_removed,to_be_removed,to_be_removed,0.7497568618,to_be_removed,to_be_removed,to_be_removed
1,58,0.0616203961,9.03832328057E-05,0,0,0,0.0052245505,0,0,0.9205959886,0.0013503068,0,0,0,0.0780537046,0,0,2.0093864554,0.4116392128,0.4974338331,0.1432764579,to_be_removed,to_be_removed,to_be_removed,to_be_removed,0.7497568618,to_be_removed,to_be_removed,to_be_removed
1,59,0.0613154031,0.0004285269,0,0,0,0.0078587645,0,0,0.8809343309,0.006156757,0,0,0,0.112908912,0,0,2.0875153613,0.3936266345,0.4910532066,0.1046773957,to_be_removed,to_be_removed,to_be_removed,to_be_removed,0.7497568618,to_be_removed,to_be_removed,to_be_removed
1,60,0.0654167873,0.0003898043,0,0,0,0.0041905013,0,0,0.934564345,0.0055688639,0,0,0,0.0598667911,0,0,2.0701116577,0.3732578232,0.4596005854,0.0771742906,to_be_removed,to_be_removed,to_be_removed,to_be_removed,0.7497568618,to_be_removed,to_be_removed,to_be_removed
1,61,0.0577326214,0.0004111653,0,0,0,0.0076365974,0,0,0.8776571034,0.006250576,0,0,0,0.1160923206,0,0,1.9916917131,0.450916768,0.4537635949,0.1792800273,to_be_removed,to_be_removed,to_be_removed,to_be_removed,0.7497568618,to_be_removed,to_be_removed,to_be_removed
1,62,0.0597571021,7.59038987498E-05,0,0,0,0.0068621368,0,0,0.8959738235,0.0011380724,0,0,0,0.1028881041,0,0,1.9723369793,0.4329252982,0.4224993085,0.1411346369,to_be_removed,to_be_removed,to_be_removed,to_be_removed,0.7497568618,to_be_removed,to_be_removed,to_be_removed
1,63,0.0610392751,0.0003765441,0,0,0,0.0074022844,0,0,0.8869653746,0.0054715854,0,0,0,0.1075630399,0,0,2.0510197204,0.3868583178,0.417296085,0.1050116498,to_be_removed,to_be_removed,to_be_removed,to_be_removed,0.7497568618,to_be_removed,to_be_removed,to_be_removed
1,64,0.0641546026,1.85028143535E-05,0,0,0,0.0054308633,0,0,0.9217089741,0.0002658299,0,0,0,0.078025196,0,0,2.0398627671,0.3735380046,0.3943454184,0.0765215057,to_be_removed,to_be_removed,to_be_removed,to_be_removed,0.7497568618,to_be_removed,to_be_removed,to_be_removed
1,65,0.0571072393,0.0001234127,0,0,0,0.0072037998,0,0,0.8862842432,0.0019153215,0,0,0,0.1118004353,0,0,1.9609178185,0.4352258593,0.3900429248,0.1800441305,to_be_removed,to_be_removed,to_be_removed,to_be_removed,0.7497568618,to_be_removed,to_be_removed,to_be_removed
1,66,0.0579230472,0.0002438247,0,0,0,0.0085640885,0,0,0.8680085951,0.0036538473,0,0,0,0.1283375576,0,0,1.9494259982,0.4198533029,0.3700445932,0.1420874658,to_be_removed,to_be_removed,to_be_removed,to_be_removed,0.7497568618,to_be_removed,to_be_removed,to_be_removed
1,67,0.0622950875,9.03942175204E-06,0,0,0,0.005183983,0,0,0.9230527805,0.000133941,0,0,0,0.0768132786,0,0,2.0286053511,0.3417674345,0.3668117509,0.106543174,to_be_removed,to_be_removed,to_be_removed,to_be_removed,0.7497568618,to_be_removed,to_be_removed,to_be_removed
1,68,0.0652958925,8.72995816315E-05,0,0,0,0.0037192444,0,0,0.9449144745,0.0012633358,0,0,0,0.0538221897,0,0,1.9542273627,0.4134317567,0.3646713675,0.0795911102,to_be_removed,to_be_removed,to_be_removed,to_be_removed,0.7497568618,to_be_removed,to_be_removed,to_be_removed
1,69,0.057513669,0.000349088,0,0,0,0.0067863779,0,0,0.8896278204,0.0053997319,0,0,0,0.1049724477,0,0,1.9504067198,0.4061920435,0.3604563211,0.1785465871,to_be_removed,to_be_removed,to_be_removed,to_be_removed,0.7497568618,to_be_removed,to_be_removed,to_be_removed
1,70,0.0595318552,8.94911500836E-05,0,0,0,0.0061078124,0,0,0.9057145464,0.0013615137,0,0,0,0.09292394,0,0,2.0299792514,0.3814020079,0.3598892948,0.1418183619,to_be_removed,to_be_removed,to_be_removed,to_be_removed,0.7497568618,to_be_removed,to_be_removed,to_be_removed
1,71,0.0608730912,0.0001070702,0,0,0,0.0066063034,0,0,0.9006698517,0.0015841961,0,0,0,0.0977459522,0,0,2.0298689719,0.3731812268,0.3639245809,0.1068999506,to_be_removed,to_be_removed,to_be_removed,to_be_removed,0.7497568618,to_be_removed,to_be_removed,to_be_removed
1,72,0.0641754587,1.46665605381E-05,0,0,0,0.0048421918,0,0,0.929643701,0.0002124593,0,0,0,0.0701438396,0,0,1.9501464934,0.4501207458,0.3647320887,0.0763338656,to_be_removed,to_be_removed,to_be_removed,to_be_removed,0.7497568618,to_be_removed,to_be_removed,to_be_removed
1,73,0.0587608278,0.0004009307,0,0,0,0.0047304014,0,0,0.9196876093,0.0062751154,0,0,0,0.0740372752,0,0,1.9459535714,0.4431025057,0.3694649537,0.1809610584,to_be_removed,to_be_removed,to_be_removed,to_be_removed,0.7497568618,to_be_removed,to_be_removed,to_be_removed
1,74,0.0592920171,0.0004476282,0,0,0,0.0057934159,0,0,0.9047649536,0.0068305706,0,0,0,0.0884044758,0,0,2.025793344,0.3880314303,0.3716078348,0.1425074547,to_be_removed,to_be_removed,to_be_removed,to_be_removed,0.7497568618,to_be_removed,to_be_removed,to_be_removed
1,75,0.0608730912,0,0,0,0,0.0066063034,0,0,0.9020989533,0,0,0,0,0.0979010467,0,0,2.0226146921,0.3793540728,0.3816412846,0.1066550472,to_be_removed,to_be_removed,to_be_removed,to_be_removed,0.7497568618,to_be_removed,to_be_removed,to_be_removed
1,76,0.0652958925,0.0004479408,0,0,0,0.0037192444,0,0,0.9400086288,0.0064486177,0,0,0,0.0535427535,0,0,1.9426893422,0.4034012945,0.3850166252,0.0785120984,to_be_removed,to_be_removed,to_be_removed,to_be_removed,0.7497568618,to_be_removed,to_be_removed,to_be_removed
1,77,0.0574611641,0,0,0,0,0.0071080164,0,0,0.8899162673,0,0,0,0,0.1100837327,0,0,1.9384749167,0.3892965803,0.3981115919,0.1806182568,to_be_removed,to_be_removed,to_be_removed,to_be_removed,0.7497568618,to_be_removed,to_be_removed,to_be_removed
1,78,0.0581489437,0.0005125949,0,0,0,0.0089760105,0,0,0.859713938,0.0075785556,0,0,0,0.1327075064,0,0,2.0184535479,0.3741594392,0.4025897599,0.1428656945,to_be_removed,to_be_removed,to_be_removed,to_be_removed,0.7497568618,to_be_removed,to_be_removed,to_be_removed
1,79,0.0629833211,0.000541756,0,0,0,0.005805537,0,0,0.9084489132,0.0078140954,0,0,0,0.0837369914,0,0,2.0190276948,0.3759853189,0.4233103612,0.107406685,to_be_removed,to_be_removed,to_be_removed,to_be_removed,0.7497568618,to_be_removed,to_be_removed,to_be_removed
1,80,0.0674725157,0.0005593564,0,0,0,0.0030589016,0,0,0.9491036902,0.0078682003,0,0,0,0.0430281094,0,0,1.9390280304,0.3761226715,0.4286922479,0.0840628168,to_be_removed,to_be_removed,to_be_removed,to_be_removed,0.7497568618,to_be_removed,to_be_removed,to_be_removed
1,81,0.0539040021,0.0005886917,0,0,0,0.0145347973,0,0,0.7809062915,0.008528366,0,0,0,0.2105653425,0,0,1.9396708463,0.3729465075,0.4520709462,0.1763170468,to_be_removed,to_be_removed,to_be_removed,to_be_removed,0.7497568618,to_be_removed,to_be_removed,to_be_removed
1,82,0.0616858196,0,0,0,0,0.0082430171,0,0,0.8821227768,0,0,0,0,0.1178772232,0,0,2.0196588554,0.3788493078,0.4582068217,0.1412387456,to_be_removed,to_be_removed,to_be_removed,to_be_removed,0.7497568618,to_be_removed,to_be_removed,to_be_removed
1,83,0.062417619,0.0014032467,0,0,0,0.0097391769,0,0,0.8485261404,0.0190762078,0,0,0,0.1323976518,0,0,2.0224883188,0.3728280186,0.485320677,0.1061644543,to_be_removed,to_be_removed,to_be_removed,to_be_removed,0.7497568618,to_be_removed,to_be_removed,to_be_removed
1,84,0.0682196646,0.0007217015,0,0,0,0.0053340918,0,0,0.9184684486,0.0097165543,0,0,0,0.0718149972,0,0,1.9425444367,0.3896775454,0.4920576572,0.0815892985,to_be_removed,to_be_removed,to_be_removed,to_be_removed,0.7497568618,to_be_removed,to_be_removed,to_be_removed
1,85,0.0573115421,0.0007875261,0,0,0,0.0146003388,0,0,0.7883357581,0.0108326345,0,0,0,0.2008316074,0,0,1.9420545697,0.3755857079,0.518319688,0.1783880801,to_be_removed,to_be_removed,to_be_removed,to_be_removed,0.7497568618,to_be_removed,to_be_removed,to_be_removed
1,86,0.0636962099,0.0008503178,0,0,0,0.0104037271,0,0,0.8498464756,0.0113450952,0,0,0,0.1388084292,0,0,2.0219217122,0.4153335454,0.5255838667,0.1407226504,to_be_removed,to_be_removed,to_be_removed,to_be_removed,0.7497568618,to_be_removed,to_be_removed,to_be_removed
1,87,0.0648732571,0.0019167686,0,0,0,0.0123215125,0,0,0.8200226993,0.0242286854,0,0,0,0.1557486154,0,0,2.01971391,0.4094499736,0.5521443201,0.1041193832,to_be_removed,to_be_removed,to_be_removed,to_be_removed,0.7497568618,to_be_removed,to_be_removed,to_be_removed
1,88,0.0702057813,0.001913039,0,0,0,0.0072359017,0,0,0.8847083013,0.024107437,0,0,0,0.0911842617,0,0,1.9399559499,0.3807275589,0.559857612,0.0831641148,to_be_removed,to_be_removed,to_be_removed,to_be_removed,0.7497568618,to_be_removed,to_be_removed,to_be_removed
1,89,0.0564858715,0.0011358983,0,0,0,0.024289289,0,0,0.6896000661,0.0138674591,0,0,0,0.2965324748,0,0,1.9422113211,0.3748150781,0.5905831751,0.1745904303,to_be_removed,to_be_removed,to_be_removed,to_be_removed,0.7497568618,to_be_removed,to_be_removed,to_be_removed
1,90,0.0611711751,0.0025794771,0,0,0,0.0232219399,0,0,0.7033385301,0.029658506,0,0,0,0.2670029639,0,0,2.0218276669,0.373894554,0.5986361494,0.1373082771,to_be_removed,to_be_removed,to_be_removed,to_be_removed,0.7497568618,to_be_removed,to_be_removed,to_be_removed
1,91,0.0682277842,0.0028599331,0,0,0,0.0179138871,0,0,0.7665904981,0.0321335003,0,0,0,0.2012760017,0,0,2.0277743482,0.3667231139,0.632344854,0.1015564605,to_be_removed,to_be_removed,to_be_removed,to_be_removed,0.7497568618,to_be_removed,to_be_removed,to_be_removed
1,92,0.0770258327,0.0018378277,0,0,0,0.0030555649,0,0,0.9402656378,0.0224346328,0,0,0,0.0372997294,0,0,1.9483297141,0.3943639904,0.6406528022,0.0930999031,to_be_removed,to_be_removed,to_be_removed,to_be_removed,0.7497568618,to_be_removed,to_be_removed,to_be_removed
1,93,0.0346702598,0.0010639511,0,0,0,0.0568240727,0,0,0.374577601,0.0114949308,0,0,0,0.6139274682,0,0,1.9513818381,0.3797325307,0.6731595108,0.1599056259,to_be_removed,to_be_removed,to_be_removed,to_be_removed,0.7497568618,to_be_removed,to_be_removed,to_be_removed
1,94,0.0740099825,0.0017163758,0,0,0,0.0136678676,0,0,0.827905626,0.0192000741,0,0,0,0.1528942999,0,0,2.0306217907,0.3692910087,0.6817026868,0.1212583174,to_be_removed,to_be_removed,to_be_removed,to_be_removed,0.7497568618,to_be_removed,to_be_removed,to_be_removed
1,95,0.0766495675,0.0029099316,0,0,0,0.0112101014,0,0,0.8444409486,0.0320584379,0,0,0,0.1235006135,0,0,2.0380370579,0.3707351546,0.7170412333,0.0839247806,to_be_removed,to_be_removed,to_be_removed,to_be_removed,0.7497568618,to_be_removed,to_be_removed,to_be_removed
1,96,0.0787406071,8.67091255622E-06,0,0,0,0.0024490768,0,0,0.9697315575,0.0001067868,0,0,0,0.0301616557,0,0,1.9590291691,0.369141079,0.7257563402,0.1467484528,to_be_removed,to_be_removed,to_be_removed,to_be_removed,0.7497568618,to_be_removed,to_be_removed,to_be_removed
1,97,0.0460418272,0.0135526278,0,0,0,0.0584547861,0,0,0.3900222211,0.1148048699,0,0,0,0.4951729089,0,0,1.9667891081,0.3655627466,0.7613765777,0.0796234699,to_be_removed,to_be_removed,to_be_removed,to_be_removed,0.7497568618,to_be_removed,to_be_removed,to_be_removed
1,98,0.0796117187,0.0003508176,0,0,0,0.0046252504,0,0,0.9411727364,0.0041473791,0,0,0,0.0546798845,0,0,2.0455354641,0.3735368561,0.7702390472,0.0578771112,to_be_removed,to_be_removed,to_be_removed,to_be_removed,0.7497568618,to_be_removed,to_be_removed,to_be_removed
1,99,0.0768915795,0.0010492912,0,0,0,0.0112624933,0,0,0.8619807151,0.0117629111,0,0,0,0.1262563738,0,0,2.0548926776,0.3667872277,0.8068371589,0.1312181448,to_be_removed,to_be_removed,to_be_removed,to_be_removed,0.7497568618,to_be_removed,to_be_removed,to_be_removed
1,100,0.0102647927,0.0089158446,0,0,0,0.0787474096,0,0,0.1048197429,0.091044853,0,0,0,0.8041354041,0,0,1.9764336483,0.392335356,0.815817983,0.059704935,to_be_removed,to_be_removed,to_be_removed,to_be_removed,0.7497568618,to_be_removed,to_be_removed,to_be_removed
1,101,0.0318502853,0.0283984256,0,0,0,0.0713973028,0,0,0.241938851,0.2157180823,0,0,0,0.5423430667,0,0,1.985071541,0.3800244443,0.8520894944,0.0096100256,to_be_removed,to_be_removed,to_be_removed,to_be_removed,0.7497568618,to_be_removed,to_be_removed,to_be_removed
1,102,0.078239379,0.0015620928,0,0,0,0.0111419251,0,0,0.860308518,0.017176539,0,0,0,0.122514943,0,0,2.0632134151,0.3714154197,0.8611789974,0.0484033987,to_be_removed,to_be_removed,to_be_removed,to_be_removed,0.7497568618,to_be_removed,to_be_removed,to_be_removed
1,103,0.0774629733,0.0109365795,0,0,0,0.0163433732,0,0,0.7395532686,0.1044135384,0,0,0,0.156033193,0,0,2.0739498401,0.3732575609,0.8984913304,0.0159239327,to_be_removed,to_be_removed,to_be_removed,to_be_removed,0.7497568618,to_be_removed,to_be_removed,to_be_removed
1,104,0.0795286213,0.0029469567,0,0,0,0.0050030469,0,0,0.9091206152,0.0336877343,0,0,0,0.0571916505,0,0,1.996147106,0.3710663733,0.9076664604,0.0277580246,to_be_removed,to_be_removed,to_be_removed,to_be_removed,0.7497568618,to_be_removed,to_be_removed,to_be_removed
1,105,0.0036245073,2.2804600298E-06,0,0,0,0.0795466455,0,0,0.0435777049,2.74181302874E-05,0,0,0,0.956394877,0,0,2.0091964336,0.3699065158,0.9456771814,0.0538110476,to_be_removed,to_be_removed,to_be_removed,to_be_removed,0.7497568618,to_be_removed,to_be_removed,to_be_removed
1,106,0.0020198274,0.0003470517,0,0,0,0.0797383171,0,0,0.0246004825,0.0042269153,0,0,0,0.9711726022,0,0,2.0866402773,0.3764936578,0.9549210901,0.0750500039,to_be_removed,to_be_removed,to_be_removed,to_be_removed,0.7497568618,to_be_removed,to_be_removed,to_be_removed
1,107,0.0799054046,0.0019522484,0,0,0,0.0011113581,0,0,0.9630752926,0.0235298499,0,0,0,0.0133948575,0,0,2.0966952382,0.3676082113,0.9919878411,0.0244678438,to_be_removed,to_be_removed,to_be_removed,to_be_removed,0.7497568618,to_be_removed,to_be_removed,to_be_removed
1,108,0.0083092384,0.0003349399,0,0,0,0.0771646477,0,0,0.0968343096,0.003903327,0,0,0,0.8992623634,0,0,2.0196429887,0.3973630955,1.0013035644,0.1063399715,to_be_removed,to_be_removed,to_be_removed,to_be_removed,0.7497568618,to_be_removed,to_be_removed,to_be_removed
1,109,0.001332715,0.0003913046,0,0,0,0.0798810963,0,0,0.0163312683,0.0047950989,0,0,0,0.9788736329,0,0,2.0295465297,0.383596184,1.0381531844,0.0633376759,to_be_removed,to_be_removed,to_be_removed,to_be_removed,0.7497568618,to_be_removed,to_be_removed,to_be_removed
1,110,0.021597335,0.0039763491,0,0,0,0.0699937578,0,0,0.2259905108,0.0416077797,0,0,0,0.7324017095,0,0,2.1061803449,0.36248393,1.0475354117,0.1355573921,to_be_removed,to_be_removed,to_be_removed,to_be_removed,0.7497568618,to_be_removed,to_be_removed,to_be_removed
1,111,0.0225175334,0.0058375652,0,0,0,0.0754021449,0,0,0.2170213146,0.0562617605,0,0,0,0.7267169249,0,0,2.1196125943,0.3642615748,1.0857699396,0.0815605916,to_be_removed,to_be_removed,to_be_removed,to_be_removed,0.7497568618,to_be_removed,to_be_removed,to_be_removed
1,112,0.0291269902,0.0050070703,0,0,0,0.067301635,0,0,0.2871473408,0.0493620145,0,0,0,0.6634906447,0,0,2.0434075723,0.3697383954,1.095200369,0.1538919856,to_be_removed,to_be_removed,to_be_removed,to_be_removed,0.7497568618,to_be_removed,to_be_removed,to_be_removed
1,113,0.0093498412,0.0013389646,0,0,0,0.0783340758,0,0,0.1050273937,0.0150406795,0,0,0,0.8799319267,0,0,2.0573794665,0.3665481646,1.1334167631,0.1110739986,to_be_removed,to_be_removed,to_be_removed,to_be_removed,0.7497568618,to_be_removed,to_be_removed,to_be_removed
1,114,0.0407146615,0.0011679494,0,0,0,0.057306618,0,0,0.4104746244,0.0117749623,0,0,0,0.5777504133,0,0,2.1331341661,0.3772542639,1.1428913432,0.1852061917,to_be_removed,to_be_removed,to_be_removed,to_be_removed,0.7497568618,to_be_removed,to_be_removed,to_be_removed
1,115,0.0173819007,0.0106634826,0,0,0,0.0754178287,0,0,0.1680007834,0.1030654509,0,0,0,0.7289337657,0,0,2.1478602981,0.3704080617,1.1814167996,0.1533498374,to_be_removed,to_be_removed,to_be_removed,to_be_removed,0.7497568618,to_be_removed,to_be_removed,to_be_removed
1,116,0.0407380442,0.0031107069,0,0,0,0.0592859068,0,0,0.3949985871,0.0301616063,0,0,0,0.5748398066,0,0,2.0725711144,0.3914667521,1.1909289771,0.2246293386,to_be_removed,to_be_removed,to_be_removed,to_be_removed,0.7497568618,to_be_removed,to_be_removed,to_be_removed
2,1,0.07998601,0.051553233,0,0,0,0,0,0,0.6080771651,0.3919228349,0,0,0,0,0,0,997.337139036,997.337138944,4.1733122349,0.7498404345,to_be_removed,to_be_removed,to_be_removed,to_be_removed,0.7498404345,to_be_removed,to_be_removed,to_be_removed
2,2,0.0605150672,0.0793256983,0,0,0,0,0,0,0.4327426767,0.5672573233,0,0,0,0,0,0,997.288736832,997.288736654,4.132073622,0.7498482717,to_be_removed,to_be_removed,to_be_removed,to_be_removed,0.7498482717,to_be_removed,to_be_removed,to_be_removed
2,4,0.0775228118,0.0318647506,0,0,0,0,0,0,0.708698595,0.291301405,0,0,0,0,0,0,997.131052504,997.131052135,4.1094173317,0.7498408374,to_be_removed,to_be_removed,to_be_removed,to_be_removed,0.7498482717,to_be_removed,to_be_removed,to_be_removed
2,5,0.0613389539,0.0022545085,0,0,0,0,0,0,0.9645481092,0.0354518908,0,0,0,0,0,0,997.083678257,997.083677812,4.0671391691,0.7498482338,to_be_removed,to_be_removed,to_be_removed,to_be_removed,0.7498482717,to_be_removed,to_be_removed,to_be_removed
2,6,0.0606192168,0.0027905937,0,0,0,0,0,0,0.9559911365,0.0440088635,0,0,0,0,0,0,997.033680836,997.033680324,4.0277042591,0.7498566884,to_be_removed,to_be_removed,to_be_removed,to_be_removed,0.7498566884,to_be_removed,to_be_removed,to_be_removed
2,7,0.0550087068,0.0336370793,0.0006999347,0,0,0,0,0,0.615683732,0.3764822644,0.0078340036,0,0,0,0,0,996.985157392,996.985156819,3.9869283805,0.7498645779,to_be_removed,to_be_removed,to_be_removed,to_be_removed,0.7498645779,to_be_removed,to_be_removed,to_be_removed
2,8,0.0640365724,0.024060331,0.0014961568,0,0,0,0,0,0.714749248,0.2685512805,0.0166994716,0,0,0,0,0,996.943759787,996.943759118,3.9380351467,0.7498612399,to_be_removed,to_be_removed,to_be_removed,to_be_removed,0.7498645779,to_be_removed,to_be_removed,to_be_removed
2,9,0.041205728,0.0472785483,0.0048960568,0,0,0,0,0,0.4412677338,0.5063009175,0.0524313487,0,0,0,0,0,996.89817967,996.898178944,3.8942787693,0.7498677552,to_be_removed,to_be_removed,to_be_removed,to_be_removed,0.7498677552,to_be_removed,to_be_removed,to_be_removed
2,10,0.070825038,0.0512591569,0.0069017991,0,0,0,0,0,0.5490909191,0.3974009527,0.0535081282,0,0,0,0,0,996.844595708,996.844594855,3.8569629034,0.7498581725,to_be_removed,to_be_removed,to_be_removed,to_be_removed,0.7498677552,to_be_removed,to_be_removed,to_be_removed
2,11,0.0309415447,0.0184131319,0.0102682521,0,0,0,0,0,0.5189537879,0.3088263579,0.1722198543,0,0,0,0,0,996.79246378,996.792462886,3.8199929526,0.7498673437,to_be_removed,to_be_removed,to_be_removed,to_be_removed,0.7498677552,to_be_removed,to_be_removed,to_be_removed
2,12,0.0523726119,0.0151937198,0.0026572989,0,0,0,0,0,0.7457975535,0.2163619238,0.0378405226,0,0,0,0,0,996.738944896,996.738943972,3.7846998764,0.749876927,to_be_removed,to_be_removed,to_be_removed,to_be_removed,0.749876927,to_be_removed,to_be_removed,to_be_removed
2,13,0.0718816576,0.0340241551,0.0002049588,0,0,0,0,0,0.677420931,0.320647514,0.001931555,0,0,0,0,0,996.698876282,996.698875285,3.7349177519,0.749877685,to_be_removed,to_be_removed,to_be_removed,to_be_removed,0.749877685,to_be_removed,to_be_removed,to_be_removed
2,14,0.0799888757,0.0231034412,0.0002287238,0,0,0,0,0,0.7741779908,0.2236082901,0.0022137192,0,0,0,0,0,996.647173378,996.647172246,3.6955083457,0.7498686654,to_be_removed,to_be_removed,to_be_removed,to_be_removed,0.749877685,to_be_removed,to_be_removed,to_be_removed
2,15,0.0785565109,0.0080126575,0,0,0,0,0,0,0.9074421336,0.0925578664,0,0,0,0,0,0,996.606400365,996.606399135,3.6460316274,0.7498661751,to_be_removed,to_be_removed,to_be_removed,to_be_removed,0.749877685,to_be_removed,to_be_removed,to_be_removed
2,16,0.0785565109,0.0091884605,0,0,0,0,0,0,0.8952821986,0.1047178014,0,0,0,0,0,0,996.559299162,996.559297797,3.6024216445,0.749858917,to_be_removed,to_be_removed,to_be_removed,to_be_removed,0.749877685,to_be_removed,to_be_removed,to_be_removed
2,17,0.0778599192,0.0025766279,0,0,0,0,0,0,0.9679669505,0.0320330495,0,0,0,0,0,0,996.51869406,996.518692593,3.5528494191,0.749856712,to_be_removed,to_be_removed,to_be_removed,to_be_removed,0.749877685,to_be_removed,to_be_removed,to_be_removed
2,18,0.0773199719,0.0049709953,0,0,0,0,0,0,0.9395924548,0.0604075452,0,0,0,0,0,0,996.477382298,996.477380718,3.5039094429,0.7498534755,to_be_removed,to_be_removed,to_be_removed,to_be_removed,0.749877685,to_be_removed,to_be_removed,to_be_removed
2,19,0.0750308012,0.0026045462,0,0,0,0,0,0,0.9664515419,0.0335484581,0,0,0,0,0,0,996.436983284,996.436981601,3.4541851179,0.7498516839,to_be_removed,to_be_removed,to_be_removed,to_be_removed,0.749877685,to_be_removed,to_be_removed,to_be_removed
2,20,0.0750308969,0.0014716484,0,0,0,0,0,0,0.9807634066,0.0192365934,0,0,0,0,0,0,1.4317469769,1.6932974677,1.1063658825,0.4060016947,to_be_removed,to_be_removed,to_be_removed,to_be_removed,0.749877685,to_be_removed,to_be_removed,to_be_removed
2,21,0.0747777361,0.0008694112,0,0,0,0,0,0,0.9885070199,0.0114929801,0,0,0,0,0,0,1.4644407477,1.5784547505,1.0564127687,0.4121011915,to_be_removed,to_be_removed,to_be_removed,to_be_removed,0.749877685,to_be_removed,to_be_removed,to_be_removed
2,22,0.0746897312,0.00072455,0,0,0,0,0,0,0.990392403,0.009607597,0,0,0,0,0,0,1.5018312408,1.4642247365,1.0064680279,0.4190220452,to_be_removed,to_be_removed,to_be_removed,to_be_removed,0.749877685,to_be_removed,to_be_removed,to_be_removed
2,23,0.0746177475,0.0019554321,0,0,0,0,0,0,0.9744632243,0.0255367757,0,0,0,0,0,0,1.5435726803,1.3506997131,0.9565327762,0.4269108011,to_be_removed,to_be_removed,to_be_removed,to_be_removed,0.749877685,to_be_removed,to_be_removed,to_be_removed
2,24,0.0757390931,0.0015616099,0,0,0,0,0,0,0.9797982451,0.0202017549,0,0,0,0,0,0,1.5915789103,1.2368035364,0.9065700008,0.4354670724,to_be_removed,to_be_removed,to_be_removed,to_be_removed,0.749877685,to_be_removed,to_be_removed,to_be_removed
2,25,0.0745076229,0.0004565996,0,0,0,0,0,0,0.9939091003,0.0060908997,0,0,0,0,0,0,1.6432177475,1.1238812838,0.8566036172,0.4454507553,to_be_removed,to_be_removed,to_be_removed,to_be_removed,0.749877685,to_be_removed,to_be_removed,to_be_removed
2,26,0.0744830075,0.0004001248,0,0,0,0,0,0,0.9946566768,0.0053433232,0,0,0,0,0,0,1.6960614946,1.0134487705,0.8066881296,0.4578073224,to_be_removed,to_be_removed,to_be_removed,to_be_removed,0.749877685,to_be_removed,to_be_removed,to_be_removed
2,27,0.0744270904,0.0003533472,0,0,0,0,0,0,0.9952748712,0.0047251288,0,0,0,0,0,0,1.7519278126,0.9046731883,0.7567869264,0.4725239868,to_be_removed,to_be_removed,to_be_removed,to_be_removed,0.749877685,to_be_removed,to_be_removed,to_be_removed
2,28,0.0769322651,0.0058561784,0,0,0,0,0,0,0.9292633348,0.0707366652,0,0,0,0,0,0,1.7367268163,0.8735889424,0.7168627511,0.4903438219,to_be_removed,to_be_removed,to_be_removed,to_be_removed,0.749877685,to_be_removed,to_be_removed,to_be_removed
2,29,0.063562094,0.0227982258,0,0,0,0,0,0,0.736010406,0.263989594,0,0,0,0,0,0,1.6634916974,0.7980985946,0.7069028094,0.5141739982,to_be_removed,to_be_removed,to_be_removed,to_be_removed,0.749877685,to_be_removed,to_be_removed,to_be_removed
2,30,0.0379464215,0.0534825894,0,0,0,0,0,0,0.4150369899,0.5849630101,0,0,0,0,0,0,1.6391747399,0.7769270208,0.6691787286,0.5439680956,to_be_removed,to_be_removed,to_be_removed,to_be_removed,0.749877685,to_be_removed,to_be_removed,to_be_removed
2,31,0.0411626235,0.0525930191,0,0,0,0,0,0,0.4390415591,0.5609584409,0,0,0,0,0,0,1.7130068844,0.7022737582,0.6592395324,0.5724357409,to_be_removed,to_be_removed,to_be_removed,to_be_removed,0.749877685,to_be_removed,to_be_removed,to_be_removed
2,32,0.0417182568,0.0539719566,0,0,0,0,0,0,0.4359720324,0.5640279676,0,0,0,0,0,0,1.6780739876,0.7012194225,0.6318053972,0.6017406844,to_be_removed,to_be_removed,to_be_removed,to_be_removed,0.749877685,to_be_removed,to_be_removed,to_be_removed
2,33,0.0401760215,0.0559971247,0,0,0,0,0,0,0.4177467733,0.5822532267,0,0,0,0,0,0,1.6038907365,0.6277270261,0.6219292018,0.6340102344,to_be_removed,to_be_removed,to_be_removed,to_be_removed,0.749877685,to_be_removed,to_be_removed,to_be_removed
2,34,0.0342863627,0.06153108,0,0,0,0,0,0,0.3578300744,0.6421699256,0,0,0,0,0,0,1.5642209084,0.6534120763,0.6189293971,0.667881211,to_be_removed,to_be_removed,to_be_removed,to_be_removed,0.749877685,to_be_removed,to_be_removed,to_be_removed
2,35,0.0338180606,0.0629519877,0,0,0,0,0,0,0.3494682621,0.6505317379,0,0,0,0,0,0,1.6383158641,0.5805172721,0.6091811989,0.7024154128,to_be_removed,to_be_removed,to_be_removed,to_be_removed,0.749877685,to_be_removed,to_be_removed,to_be_removed
2,36,0.0709586884,0.0218788471,0,0,0,0.0006201746,0,0,0.7592598655,0.2341042495,0,0,0,0.0066358849,0,0,1.5984402474,0.6082360305,0.6075873066,0.7281828198,to_be_removed,to_be_removed,to_be_removed,to_be_removed,0.749877685,to_be_removed,to_be_removed,to_be_removed
2,37,0.0158997023,0.0738750788,0,0,0,0,0,0,0.1771065562,0.8228934438,0,0,0,0,0,0,1.5244129019,0.5352873937,0.5980187503,0.7045073653,to_be_removed,to_be_removed,to_be_removed,to_be_removed,0.749877685,to_be_removed,to_be_removed,to_be_removed
2,38,0.0745242701,0.0148802909,0,2.44956570629E-06,0,0.0007752196,0,0,0.8263742201,0.1650024714,0,2.71623988624E-05,0,0.0085961461,0,0,1.4846901243,0.5663038542,0.5999451466,0.7073621298,to_be_removed,to_be_removed,to_be_removed,to_be_removed,0.749877685,to_be_removed,to_be_removed,to_be_removed
2,39,0.0266150887,0.0717268536,0,0.0011772138,0,0,0,0,0.267436841,0.720734142,0,0.011829017,0,0,0,0,1.5586323736,0.4960646504,0.590610896,0.6915333734,to_be_removed,to_be_removed,to_be_removed,to_be_removed,0.749877685,to_be_removed,to_be_removed,to_be_removed
2,40,0.0777869731,0.0078349708,0,0.0011812694,0,7.84219316466E-05,0,0,0.8953212365,0.0901798263,0,0.0135963077,0,0.0009026296,0,0,1.5199723867,0.5326596436,0.6015468666,0.6660359769,to_be_removed,to_be_removed,to_be_removed,to_be_removed,0.749877685,to_be_removed,to_be_removed,to_be_removed
2,41,0.0764313338,0.0141228158,0,0.0032426661,0,0,0,0,0.814860646,0.1505681794,0,0.0345711746,0,0,0,0,1.4462488117,0.4674510936,0.592491187,0.6712508228,to_be_removed,to_be_removed,to_be_removed,to_be_removed,0.749877685,to_be_removed,to_be_removed,to_be_removed
2,42,0.0769291744,0.0132082195,0,0.0031051145,0,3.98034517792E-05,0,0,0.8246919794,0.1415940411,0,0.0332872807,0,0.0004266988,0,0,1.4083591365,0.5061210742,0.6075206648,0.6758451048,to_be_removed,to_be_removed,to_be_removed,to_be_removed,0.749877685,to_be_removed,to_be_removed,to_be_removed
2,43,0.0770456474,0.0125844666,0,0.0030224224,0,0,0,0,0.8315546487,0.1358243079,0,0.0326210434,0,0,0,0,1.4818165872,0.4438501659,0.5987808271,0.6625455682,to_be_removed,to_be_removed,to_be_removed,to_be_removed,0.749877685,to_be_removed,to_be_removed,to_be_removed
2,44,0.0755911477,0.0116080374,0,2.27486991406E-05,0,0.0049453909,0,0,0.8201512618,0.1259452574,0,0.0002468196,0,0.0536566613,0,0,1.4443032228,0.4836616574,0.6177474431,0.6768962074,to_be_removed,to_be_removed,to_be_removed,to_be_removed,0.749877685,to_be_removed,to_be_removed,to_be_removed
2,45,0.0771165345,0.011542425,0,0.0036843474,0,0,0,0,0.8351069183,0.1249947115,0,0.0398983702,0,0,0,0,1.3711673462,0.4145772517,0.6093491143,0.6763835231,to_be_removed,to_be_removed,to_be_removed,to_be_removed,0.749877685,to_be_removed,to_be_removed,to_be_removed
2,46,0.0771791397,0.0095462634,0,0.0038818973,0,0.0001978099,0,0,0.8499426902,0.1051291423,0,0.0427497666,0,0.0021784009,0,0,1.3438796009,0.4308852467,0.5856775694,0.6532412205,to_be_removed,to_be_removed,to_be_removed,to_be_removed,0.749877685,to_be_removed,to_be_removed,to_be_removed
2,47,0.0767727843,0.0119769224,0,0.0041914303,0,0,0,0,0.8260366368,0.1288656759,0,0.0450976873,0,0,0,0,1.4176865159,0.4476653781,0.5776407435,0.6915001384,to_be_removed,to_be_removed,to_be_removed,to_be_removed,0.749877685,to_be_removed,to_be_removed,to_be_removed
2,48,0.0763945584,0.0098910582,0,0.0034574461,0,0,0,0,0.8512586499,0.1102152962,0,0.0385260539,0,0,0,0,1.3935266943,0.4835351388,0.6146459445,0.6763978257,to_be_removed,to_be_removed,to_be_removed,to_be_removed,0.749877685,to_be_removed,to_be_removed,to_be_removed
2,49,0.0758938772,0.0103181272,0,0.0041105067,0,0,0,0,0.8402542879,0.1142364962,0,0.0455092159,0,0,0,0,1.3204654274,0.4077296507,0.6068266734,0.6664858357,to_be_removed,to_be_removed,to_be_removed,to_be_removed,0.749877685,to_be_removed,to_be_removed,to_be_removed
2,50,0.0755706962,0.0083222575,0,0.0020611333,0,0.0004587455,0,0,0.8745309471,0.0963081204,0,0.0238521668,0,0.0053087657,0,0,1.29700668,0.4167019916,0.5823327187,0.6830279437,to_be_removed,to_be_removed,to_be_removed,to_be_removed,0.749877685,to_be_removed,to_be_removed,to_be_removed
2,51,0.0743659155,0.0090565707,0,0.0035453575,0,0,0,0,0.8550966932,0.1041370038,0,0.040766303,0,0,0,0,1.3708380458,0.4549284464,0.5749289052,0.6868232306,to_be_removed,to_be_removed,to_be_removed,to_be_removed,0.749877685,to_be_removed,to_be_removed,to_be_removed
2,52,0.0758146429,0.0078902182,0,0.0025233017,0,0,0,0,0.8792329613,0.0915039583,0,0.0292630804,0,0,0,0,1.3378431309,0.4946936478,0.6079467166,0.6623576631,to_be_removed,to_be_removed,to_be_removed,to_be_removed,0.749877685,to_be_removed,to_be_removed,to_be_removed
2,53,0.0732294983,0.0099555111,0,0.0023292918,0,0,0,0,0.8563421234,0.1164192537,0,0.0272386229,0,0,0,0,1.2645611209,0.4225407071,0.6008871413,0.736351472,to_be_removed,to_be_removed,to_be_removed,to_be_removed,0.749877685,to_be_removed,to_be_removed,to_be_removed
2,54,0.0732772023,0.0092787549,0,0.0017900386,0,0,0,0,0.8687691883,0.1100082446,0,0.0212225671,0,0,0,0,1.2482338438,0.4176143303,0.5738149643,0.7116462282,to_be_removed,to_be_removed,to_be_removed,to_be_removed,0.749877685,to_be_removed,to_be_removed,to_be_removed
2,55,0.073192122,0.0085004584,0,0.0018730337,0,0,0,0,0.8758641078,0.1017219642,0,0.022413928,0,0,0,0,1.3223974746,0.4872810743,0.5672122372,0.6880352223,to_be_removed,to_be_removed,to_be_removed,to_be_removed,0.749877685,to_be_removed,to_be_removed,to_be_removed
2,56,0.0728566121,0.0083432442,0,0.001828142,0,0,0,0,0.8774945035,0.1004871173,0,0.0220183792,0,0,0,0,1.3018176798,0.4892242174,0.5479366363,0.6650672331,to_be_removed,to_be_removed,to_be_removed,to_be_removed,0.749877685,to_be_removed,to_be_removed,to_be_removed
2,57,0.0725210568,0.0078410065,0,0.0015148537,0,0,0,0,0.8857326278,0.0957657757,0,0.0185015965,0,0,0,0,1.2268787628,0.4126854209,0.5419295662,0.7233518806,to_be_removed,to_be_removed,to_be_removed,to_be_removed,0.749877685,to_be_removed,to_be_removed,to_be_removed
2,58,0.0725210426,0.0081892917,0,0.0017429491,0,0,0,0,0.8795409905,0.0993203833,0,0.0211386262,0,0,0,0,1.2081238441,0.414248497,0.5238060189,0.7047931045,to_be_removed,to_be_removed,to_be_removed,to_be_removed,0.749877685,to_be_removed,to_be_removed,to_be_removed
2,59,0.0725210426,0.0081174916,0,0.0017429491,0,0,0,0,0.8803075601,0.0985353902,0,0.0211570497,0,0,0,0,1.2838256857,0.4584986609,0.5184773013,0.6828767558,to_be_removed,to_be_removed,to_be_removed,to_be_removed,0.749877685,to_be_removed,to_be_removed,to_be_removed
2,60,0.0733663023,0.0086569144,0,0.0016719453,0,0,0,0,0.8765895245,0.1034338689,0,0.0199766066,0,0,0,0,1.2679469624,0.4564124552,0.5023582927,0.6587236262,to_be_removed,to_be_removed,to_be_removed,to_be_removed,0.749877685,to_be_removed,to_be_removed,to_be_removed
2,61,0.0742870523,0.0084829261,0,0.0012266576,0,0,0,0,0.8844050884,0.1009912599,0,0.0146036517,0,0,0,0,1.1915139616,0.3767827983,0.4978007032,0.7310977882,to_be_removed,to_be_removed,to_be_removed,to_be_removed,0.749877685,to_be_removed,to_be_removed,to_be_removed
2,62,0.0738876329,0.0071386217,0,0.0013251447,0,0,0,0,0.8972237697,0.0866848865,0,0.0160913438,0,0,0,0,1.172728298,0.38142652,0.4886528184,0.706830156,to_be_removed,to_be_removed,to_be_removed,to_be_removed,0.749877685,to_be_removed,to_be_removed,to_be_removed
2,63,0.0741478132,0.0071269875,0,0.001286807,0,0,0,0,0.8980907133,0.086323265,0,0.0155860216,0,0,0,0,1.2498160537,0.4438421311,0.4849826957,0.6833008342,to_be_removed,to_be_removed,to_be_removed,to_be_removed,0.749877685,to_be_removed,to_be_removed,to_be_removed
2,64,0.0750053117,0.0085706736,0,0.0011722503,0,0,0,0,0.8850368525,0.1011309977,0,0.0138321499,0,0,0,0,1.2367782009,0.4431608428,0.4754458095,0.6591582813,to_be_removed,to_be_removed,to_be_removed,to_be_removed,0.749877685,to_be_removed,to_be_removed,to_be_removed
2,65,0.0747064087,0.0079649168,0,0.0011376932,0,0,0,0,0.8913886577,0.0950365117,0,0.0135748306,0,0,0,0,1.1590584874,0.4047208871,0.4727287304,0.7312806124,to_be_removed,to_be_removed,to_be_removed,to_be_removed,0.749877685,to_be_removed,to_be_removed,to_be_removed
2,66,0.0747064087,0.0078923847,0,0.0011376932,0,0,0,0,0.8921607733,0.0942526377,0,0.013586589,0,0,0,0,1.1462715364,0.4015558267,0.4676021985,0.7070787804,to_be_removed,to_be_removed,to_be_removed,to_be_removed,0.749877685,to_be_removed,to_be_removed,to_be_removed
2,67,0.0749152438,0.0078726304,0,0.001099955,0,0,0,0,0.8930406776,0.0938471109,0,0.0131122115,0,0,0,0,1.2245566178,0.4808823492,0.4659098506,0.6839143962,to_be_removed,to_be_removed,to_be_removed,to_be_removed,0.749877685,to_be_removed,to_be_removed,to_be_removed
2,68,0.0755253197,0.0084257584,0,0.0010545127,0,0,0,0,0.8884747338,0.0991200503,0,0.0124052159,0,0,0,0,1.1355662642,0.4254717206,0.4635527784,0.659515277,to_be_removed,to_be_removed,to_be_removed,to_be_removed,0.749877685,to_be_removed,to_be_removed,to_be_removed
2,69,0.0751190428,0.0081242844,0,0.0010167914,0,0,0,0,0.8915136142,0.096419095,0,0.0120672909,0,0,0,0,1.1269676834,0.4237340072,0.4653217703,0.7321062261,to_be_removed,to_be_removed,to_be_removed,to_be_removed,0.749877685,to_be_removed,to_be_removed,to_be_removed
2,70,0.0755053411,0.007550446,0,0.0010078145,0,0,0,0,0.8981930306,0.089818255,0,0.0119887143,0,0,0,0,1.2061707388,0.4743329371,0.4657695186,0.7075764052,to_be_removed,to_be_removed,to_be_removed,to_be_removed,0.749877685,to_be_removed,to_be_removed,to_be_removed
2,71,0.0756992157,0.0075150615,0,0.0009270483,0,0,0,0,0.8996674968,0.0893147508,0,0.0110177524,0,0,0,0,1.198740683,0.4711728685,0.4723150555,0.6838137003,to_be_removed,to_be_removed,to_be_removed,to_be_removed,0.749877685,to_be_removed,to_be_removed,to_be_removed
2,72,0.0760458465,0.0079748956,0,0.0009288101,0,0,0,0,0.895188315,0.0938780182,0,0.0109336668,0,0,0,0,1.1192022534,0.3912559842,0.4738107542,0.6605034813,to_be_removed,to_be_removed,to_be_removed,to_be_removed,0.749877685,to_be_removed,to_be_removed,to_be_removed
2,73,0.0749184039,0.0097329438,0,0.0006940614,0,0,0,0,0.877825822,0.1140417966,0,0.0081323814,0,0,0,0,1.1126444447,0.3916668713,0.4845616897,0.7309641515,to_be_removed,to_be_removed,to_be_removed,to_be_removed,0.749877685,to_be_removed,to_be_removed,to_be_removed
2,74,0.0749244658,0.0099320967,0,0.000685008,0,0,0,0,0.8758836823,0.1161084215,0,0.0080078962,0,0,0,0,1.1924296731,0.4586475484,0.4870453048,0.7074093125,to_be_removed,to_be_removed,to_be_removed,to_be_removed,0.749877685,to_be_removed,to_be_removed,to_be_removed
2,75,0.0750729033,0.0103309187,0,0.0006518764,0,0,0,0,0.8723757363,0.1200492112,0,0.0075750524,0,0,0,0,1.1897010398,0.4564420773,0.4993994185,0.6844324682,to_be_removed,to_be_removed,to_be_removed,to_be_removed,0.749877685,to_be_removed,to_be_removed,to_be_removed
2,76,0.0750467245,0.0102165642,0,0.0006898038,0,0,0,0,0.8731125584,0.1188620898,0,0.0080253519,0,0,0,0,1.1097606508,0.4602109716,0.5028049284,0.6609541152,to_be_removed,to_be_removed,to_be_removed,to_be_removed,0.749877685,to_be_removed,to_be_removed,to_be_removed
2,77,0.0752118903,0.0099607522,0,0.0005536652,0,0,0,0,0.8773489996,0.1161924794,0,0.006458521,0,0,0,0,1.1093685381,0.453467759,0.5176929797,0.7320080342,to_be_removed,to_be_removed,to_be_removed,to_be_removed,0.749877685,to_be_removed,to_be_removed,to_be_removed
2,78,0.075093304,0.0091545443,0,0.00058919,0,0,0,0,0.8851476377,0.1079074006,0,0.0069449617,0,0,0,0,1.1893679639,0.455525733,0.5219377157,0.7082308959,to_be_removed,to_be_removed,to_be_removed,to_be_removed,0.749877685,to_be_removed,to_be_removed,to_be_removed
2,79,0.0748901926,0.0116570244,0,0.000675689,0,0,0,0,0.8586069422,0.1336463655,0,0.0077466923,0,0,0,0,1.1879780495,0.4616392034,0.5420822453,0.6853309429,to_be_removed,to_be_removed,to_be_removed,to_be_removed,0.749877685,to_be_removed,to_be_removed,to_be_removed
2,80,0.0751498766,0.012119632,0,0.000528628,0,0,0,0,0.8559393116,0.1380397408,0,0.0060209477,0,0,0,0,1.1080165759,0.4593512303,0.5470513693,0.6612685241,to_be_removed,to_be_removed,to_be_removed,to_be_removed,0.749877685,to_be_removed,to_be_removed,to_be_removed
2,81,0.0748504872,0.0120116543,0,0.0005360173,0,0,0,0,0.8564309387,0.1374360106,0,0.0061330507,0,0,0,0,1.1099931389,0.4601063545,0.5682787315,0.7325500499,to_be_removed,to_be_removed,to_be_removed,to_be_removed,0.749877685,to_be_removed,to_be_removed,to_be_removed
2,82,0.074847217,0.0109925064,0,0.0005810665,0,0,0,0,0.8660788339,0.1271974771,0,0.006723689,0,0,0,0,1.1898198392,0.4674881246,0.5738926349,0.7088011595,to_be_removed,to_be_removed,to_be_removed,to_be_removed,0.749877685,to_be_removed,to_be_removed,to_be_removed
2,83,0.0747681836,0.0125159073,0,0.0006107045,0,0,0,0,0.8506554139,0.1423964555,0,0.0069481306,0,0,0,0,1.1929991463,0.4648181167,0.5975196567,0.6855463634,to_be_removed,to_be_removed,to_be_removed,to_be_removed,0.749877685,to_be_removed,to_be_removed,to_be_removed
2,84,0.0741708428,0.0154318205,0,0.0005873172,0,0,0,0,0.8223845093,0.1711034905,0,0.0065120003,0,0,0,0,1.1134026058,0.4762467432,0.6036901355,0.6617618458,to_be_removed,to_be_removed,to_be_removed,to_be_removed,0.749877685,to_be_removed,to_be_removed,to_be_removed
2,85,0.0746969315,0.0126375092,0,0.0005470946,0,0,0,0,0.8499729917,0.1438016433,0,0.0062253651,0,0,0,0,1.1182445368,0.4702287082,0.6293712319,0.7328945945,to_be_removed,to_be_removed,to_be_removed,to_be_removed,0.749877685,to_be_removed,to_be_removed,to_be_removed
2,86,0.0744889759,0.0126493024,0,0.0007131423,0,0,0,0,0.8478972269,0.1439851774,0,0.0081175957,0,0,0,0,1.1975180006,0.4172692922,0.6360190146,0.7093389056,to_be_removed,to_be_removed,to_be_removed,to_be_removed,0.749877685,to_be_removed,to_be_removed,to_be_removed
2,87,0.0740767021,0.0142026334,0,0.0007208487,0,0,0,0,0.8323207723,0.1595798205,0,0.0080994072,0,0,0,0,1.2033714413,0.4202093697,0.6634502486,0.6861439055,to_be_removed,to_be_removed,to_be_removed,to_be_removed,0.749877685,to_be_removed,to_be_removed,to_be_removed
2,88,0.0707211874,0.0232335454,0,0.0003136654,0,0,0,0,0.7502109802,0.246461655,0,0.0033273649,0,0,0,0,1.1245105383,0.4515820002,0.670505982,0.6622232787,to_be_removed,to_be_removed,to_be_removed,to_be_removed,0.749877685,to_be_removed,to_be_removed,to_be_removed
2,89,0.07312855,0.0171503227,0,0.0003277654,0,0,0,0,0.8070992532,0.1892832919,0,0.0036174549,0,0,0,0,1.1321559333,0.4514341107,0.6994457215,0.7336344149,to_be_removed,to_be_removed,to_be_removed,to_be_removed,0.749877685,to_be_removed,to_be_removed,to_be_removed
2,90,0.0728563016,0.0172906092,0,0.0004350652,0,0,0,0,0.8043134497,0.1908835509,0,0.0048029994,0,0,0,0,1.2105190167,0.4693549607,0.7068495998,0.710126519,to_be_removed,to_be_removed,to_be_removed,to_be_removed,0.749877685,to_be_removed,to_be_removed,to_be_removed
2,91,0.0736040732,0.0146285637,0,0.0005100186,0,0,0,0,0.8294103073,0.1648425285,0,0.0057471641,0,0,0,0,1.2189379329,0.4659023771,0.7370769498,0.6872343589,to_be_removed,to_be_removed,to_be_removed,to_be_removed,0.749877685,to_be_removed,to_be_removed,to_be_removed
2,92,0.0582602094,0.0432792945,0,0.0013343648,0,0,0,0,0.5663266108,0.4207025069,0,0.0129708823,0,0,0,0,1.1411529691,0.4697010109,0.7447781343,0.6661864195,to_be_removed,to_be_removed,to_be_removed,to_be_removed,0.749877685,to_be_removed,to_be_removed,to_be_removed
2,93,0.0741154359,0.012066012,0,0.001021137,0,0,0,0,0.8499224641,0.1383675959,0,0.01170994,0,0,0,0,1.1508651403,0.4634527081,0.7764844588,0.7320851351,to_be_removed,to_be_removed,to_be_removed,to_be_removed,0.749877685,to_be_removed,to_be_removed,to_be_removed
2,94,0.07310691,0.0132212561,0,0.0014693839,0,0,0,0,0.8326759688,0.150587985,0,0.0167360463,0,0,0,0,1.2279943406,0.4571350567,0.7844361391,0.7091550095,to_be_removed,to_be_removed,to_be_removed,to_be_removed,0.749877685,to_be_removed,to_be_removed,to_be_removed
2,95,0.0669562798,0.0289251141,0,0.0001967436,0,0,0,0,0.6968940236,0.3010582311,0,0.0020477453,0,0,0,0,1.2397842452,0.4596678225,0.8161340391,0.6859977222,to_be_removed,to_be_removed,to_be_removed,to_be_removed,0.749877685,to_be_removed,to_be_removed,to_be_removed
2,96,0.0698928713,0.0209348718,0,5.71692517613E-05,0,0.0002053526,0,0,0.767292436,0.2298255673,0,0.000627611,0,0.0022543857,0,0,1.1633716024,0.4625416438,0.8243097026,0.7219310331,to_be_removed,to_be_removed,to_be_removed,to_be_removed,0.749877685,to_be_removed,to_be_removed,to_be_removed
2,97,0.070460986,0.0216005571,0,0.0008422664,0,0,0,0,0.758429459,0.2325045356,0,0.0090660054,0,0,0,0,1.1777077573,0.4609549322,0.8564938777,0.7112461073,to_be_removed,to_be_removed,to_be_removed,to_be_removed,0.749877685,to_be_removed,to_be_removed,to_be_removed
2,98,0.0627773149,0.0382730364,0,0.0023079605,0,0,0,0,0.6073755831,0.3702947129,0,0.0223297041,0,0,0,0,1.2533485407,0.4697857152,0.8648657935,0.6869718028,to_be_removed,to_be_removed,to_be_removed,to_be_removed,0.749877685,to_be_removed,to_be_removed,to_be_removed
2,99,0.0746803014,0.0107697554,0,0.0017247579,0,4.97856596353E-05,0,0,0.8561839332,0.1234715361,0,0.0197737552,0,0.0005707754,0,0,1.268024031,0.4648030452,0.897827353,0.7422411914,to_be_removed,to_be_removed,to_be_removed,to_be_removed,0.749877685,to_be_removed,to_be_removed,to_be_removed
2,100,0.0734375166,0.0184174726,0,0.001339948,0,0,0,0,0.7879989926,0.197623102,0,0.0143779054,0,0,0,0,1.1932072176,0.4707000297,0.9063688,0.7201224518,to_be_removed,to_be_removed,to_be_removed,to_be_removed,0.749877685,to_be_removed,to_be_removed,to_be_removed
2,101,0.0729754487,0.0161649325,0,0.001499877,0,0,0,0,0.8051107774,0.1783416419,0,0.0165475807,0,0,0,0,1.2081714003,0.4641088975,0.9409352192,0.7116163718,to_be_removed,to_be_removed,to_be_removed,to_be_removed,0.749877685,to_be_removed,to_be_removed,to_be_removed
2,102,0.0737876711,0.0103285667,0,0.002229521,0,0,0,0,0.8545604563,0.119618692,0,0.0258208518,0,0,0,0,1.2821010619,0.4561375318,0.9496154587,0.7696689155,to_be_removed,to_be_removed,to_be_removed,to_be_removed,0.7696689155,to_be_removed,to_be_removed,to_be_removed
2,103,0.0734626172,0.0097739989,0,0.0027060519,0,0,0,0,0.8547863231,0.1137269663,0,0.0314867106,0,0,0,0,1.2978332576,0.4592565937,0.9843953541,0.7448974661,to_be_removed,to_be_removed,to_be_removed,to_be_removed,0.7696689155,to_be_removed,to_be_removed,to_be_removed
2,104,0.0656985794,0.0102665907,0,3.37422501325E-05,0,0.0091180404,0,0,0.7718624468,0.1206174609,0,0.0003964222,0,0.1071236702,0,0,1.2248275209,0.4625612057,0.9931991775,0.7822872314,to_be_removed,to_be_removed,to_be_removed,to_be_removed,0.7822872314,to_be_removed,to_be_removed,to_be_removed
2,105,0.0706873261,0.0080577477,0,0.0018349648,0,0,0,0,0.8772312271,0.0999968211,0,0.0227719518,0,0,0,0,1.2425439279,0.4622133866,1.0284523173,0.7740519633,to_be_removed,to_be_removed,to_be_removed,to_be_removed,0.7822872314,to_be_removed,to_be_removed,to_be_removed
2,106,0.0639612025,0.0159743423,0,0.0008284977,0,0,0,0,0.7919514738,0.1977902765,0,0.0102582498,0,0,0,0,1.3145900531,0.4721457785,1.0373642192,0.8224362057,to_be_removed,to_be_removed,to_be_removed,to_be_removed,0.8224362057,to_be_removed,to_be_removed,to_be_removed
2,107,0.0594312161,0.009052423,0,0.002439423,0,0.0001002126,0,0,0.8367850738,0.1274571331,0,0.0343468106,0,0.0014109826,0,0,1.3323492482,0.4684066457,1.0730243651,0.8418176128,to_be_removed,to_be_removed,to_be_removed,to_be_removed,0.8418176128,to_be_removed,to_be_removed,to_be_removed
2,108,0.0648492351,0.0140833206,0,0.0013053531,0,0,0,0,0.8082119294,0.1755195372,0,0.0162685334,0,0,0,0,1.2612921556,0.4693695445,1.0820312385,0.8487371026,to_be_removed,to_be_removed,to_be_removed,to_be_removed,0.8487371026,to_be_removed,to_be_removed,to_be_removed
2,109,0.0790515485,0.0085784034,0,0.0056229945,0,0,0,0,0.8477110003,0.0919906957,0,0.060298304,0,0,0,0,1.2805120173,0.462788463,1.1183002025,0.9139673452,to_be_removed,to_be_removed,to_be_removed,to_be_removed,0.9139673452,to_be_removed,to_be_removed,to_be_removed
2,110,0.0579340686,0.0161920316,0,0.0170514559,0,0,0,0,0.6353983486,0.1775879095,0,0.1870137418,0,0,0,0,1.3505479444,0.467777329,1.127388863,0.8945453031,to_be_removed,to_be_removed,to_be_removed,to_be_removed,0.9139673452,to_be_removed,to_be_removed,to_be_removed
2,111,0.0769284473,0.0423976256,0,0.079514216,0,0,0,0,0.386885614,0.2132245223,0,0.3998898636,0,0,0,0,1.3706328775,0.4703326616,1.1635072533,0.9524878016,to_be_removed,to_be_removed,to_be_removed,to_be_removed,0.9524878016,to_be_removed,to_be_removed,to_be_removed
2,112,0.0167410434,0.0001345235,0,0.0052034368,0,0,0,0,0.7582336422,0.0060928235,0,0.2356735343,0,0,0,0,1.3016206174,0.4659171011,1.1726718277,0.9496490766,to_be_removed,to_be_removed,to_be_removed,to_be_removed,0.9524878016,to_be_removed,to_be_removed,to_be_removed
2,113,0.0459512323,0.0102056828,0,0.0282934594,0,0,0,0,0.5441211191,0.120848284,0,0.335030597,0,0,0,0,1.3236329499,0.4650210019,1.2090762053,0.9792737454,to_be_removed,to_be_removed,to_be_removed,to_be_removed,0.9792737454,to_be_removed,to_be_removed,to_be_removed
2,114,0.0329109472,0.0006919485,0,0.0157718607,0,0,0,0,0.6665541184,0.0140142155,0,0.3194316661,0,0,0,0,1.3916098613,0.4707869967,1.2183083029,0.9496688787,to_be_removed,to_be_removed,to_be_removed,to_be_removed,0.9792737454,to_be_removed,to_be_removed,to_be_removed
2,115,0.045877966,0.0262850428,0,0.0039350029,0,0,0,0,0.6028799567,0.345410375,0,0.0517096683,0,0,0,0,1.4134482095,0.466434429,1.2549632921,0.9931946475,to_be_removed,to_be_removed,to_be_removed,to_be_removed,0.9931946475,to_be_removed,to_be_removed,to_be_removed
2,116,0.0057985998,0.0119021724,0,0.0146968381,0,0,0,0,0.1789823296,0.3673780974,0,0.453639573,0,0,0,0,1.3465135262,0.4766773473,1.264255692,0.9736366584,to_be_removed,to_be_removed,to_be_removed,to_be_removed,0.9931946475,to_be_removed,to_be_removed,to_be_removed
3,1,0.0794213531,0.0610532214,0,0,0,0,0,0,0.5653788479,0.4346211521,0,0,0,0,0,0,996.904295694,996.904295564,4.6103654975,0.7497605366,to_be_removed,to_be_removed,to_be_removed,to_be_removed,0.7497605366,to_be_removed,to_be_removed,to_be_removed
3,2,0.0442601963,0.0797432314,3.4664943132E-06,0,0,0,0,0,0.3569172229,0.6430548231,0.000027954,0,0,0,0,0,996.839066316,996.839066067,4.5841188864,0.7497724094,to_be_removed,to_be_removed,to_be_removed,to_be_removed,0.7497724094,to_be_removed,to_be_removed,to_be_removed
3,3,0.0565685425,0.0187472807,0,0,0,0,0,0,0.7510844349,0.2489155651,0,0,0,0,0,0,996.73799893,996.737998542,4.5965358468,0.7497615548,to_be_removed,to_be_removed,to_be_removed,to_be_removed,0.7497724094,to_be_removed,to_be_removed,to_be_removed
3,4,0.0684721135,0.031491127,1.75509979503E-06,0,0,0,0,0,0.6849609018,0.3150215411,1.75571437302E-05,0,0,0,0,0,996.696054263,996.696053753,4.5480001641,0.7497654922,to_be_removed,to_be_removed,to_be_removed,to_be_removed,0.7497724094,to_be_removed,to_be_removed,to_be_removed
3,5,0.0513470278,0.0050054866,0.0003540611,0,0,0,0,0,0.9054863097,0.0882699499,0.0062437404,0,0,0,0,0,996.633135442,996.63313483,4.5195823052,0.7497770471,to_be_removed,to_be_removed,to_be_removed,to_be_removed,0.7497770471,to_be_removed,to_be_removed,to_be_removed
3,6,0.0484219685,0.0050780666,0.0012239547,0,0,0,0,0,0.8848398792,0.0927941581,0.0223659627,0,0,0,0,0,996.564996183,996.564995483,4.4966076426,0.7497892523,to_be_removed,to_be_removed,to_be_removed,to_be_removed,0.7497892523,to_be_removed,to_be_removed,to_be_removed
3,7,0.0521941352,0.0352927295,0.0012164805,0,0,0,0,0,0.588412253,0.3978737153,0.0137140317,0,0,0,0,0,996.501976425,996.501975645,4.4688645474,0.749800825,to_be_removed,to_be_removed,to_be_removed,to_be_removed,0.749800825,to_be_removed,to_be_removed,to_be_removed
3,8,0.0746307134,0.023253712,0.0002616194,0,0,0,0,0,0.7604046964,0.2369296903,0.0026656133,0,0,0,0,0,996.460919053,996.460918173,4.4197795744,0.7498037475,to_be_removed,to_be_removed,to_be_removed,to_be_removed,0.7498037475,to_be_removed,to_be_removed,to_be_removed
3,9,0.0639175465,0.04596606,0.0008997103,0,0,0,0,0,0.5769600366,0.4149186115,0.0081213518,0,0,0,0,0,996.408181959,996.408181006,4.382166338,0.7498131022,to_be_removed,to_be_removed,to_be_removed,to_be_removed,0.7498131022,to_be_removed,to_be_removed,to_be_removed
3,10,0.0799999139,0.0483761252,6.03474423435E-05,0,0,0,0,0,0.622875776,0.3766543615,0.0004698625,0,0,0,0,0,996.365027643,996.36502656,4.3354885449,0.7498081324,to_be_removed,to_be_removed,to_be_removed,to_be_removed,0.7498131022,to_be_removed,to_be_removed,to_be_removed
3,11,0.0630566345,0.0158907438,0.0018214624,0,0,0,0,0,0.7807049601,0.1967434922,0.0225515477,0,0,0,0,0,996.309972728,996.309971586,4.3002674561,0.7498181267,to_be_removed,to_be_removed,to_be_removed,to_be_removed,0.7498181267,to_be_removed,to_be_removed,to_be_removed
3,12,0.0490679795,0.0188238393,0.0035005931,0,0,0,0,0,0.6872996476,0.2636672268,0.0490331256,0,0,0,0,0,996.246986766,996.246985584,4.2732161479,0.749829699,to_be_removed,to_be_removed,to_be_removed,to_be_removed,0.749829699,to_be_removed,to_be_removed,to_be_removed
3,13,0.0615419728,0.0538050488,0.0010293438,0,0,0,0,0,0.5288184814,0.4623365633,0.0088449553,0,0,0,0,0,996.19992077,996.199919531,4.2304173498,0.7498369591,to_be_removed,to_be_removed,to_be_removed,to_be_removed,0.7498369591,to_be_removed,to_be_removed,to_be_removed
3,14,0.0798582084,0.0128012286,0.0002183178,0,0,0,0,0,0.8598206164,0.1378287902,0.0023505934,0,0,0,0,0,996.146609928,996.146608532,4.19357644,0.7498274451,to_be_removed,to_be_removed,to_be_removed,to_be_removed,0.7498369591,to_be_removed,to_be_removed,to_be_removed
3,15,0.0797876304,0.0054339472,0.0001772245,0,0,0,0,0,0.9342944917,0.0636302512,0.0020752571,0,0,0,0,0,996.100633367,996.100631826,4.1495731455,0.7498207296,to_be_removed,to_be_removed,to_be_removed,to_be_removed,0.7498369591,to_be_removed,to_be_removed,to_be_removed
3,16,0.079988987,0.0112828928,0.0001076603,0,0,0,0,0,0.8753489772,0.1234728562,0.0011781667,0,0,0,0,0,996.05031178,996.050310074,4.1100775076,0.7498121649,to_be_removed,to_be_removed,to_be_removed,to_be_removed,0.7498369591,to_be_removed,to_be_removed,to_be_removed
3,17,0.0793540481,0.0008449976,0.0001932089,0,0,0,0,0,0.9870857398,0.0105109333,0.0024033269,0,0,0,0,0,996.005290847,996.005288986,4.065344983,0.7498059691,to_be_removed,to_be_removed,to_be_removed,to_be_removed,0.7498369591,to_be_removed,to_be_removed,to_be_removed
3,18,0.0796226233,0.005706688,0.0001781788,0,0,0,0,0,0.9311771785,0.0667390419,0.0020837795,0,0,0,0,0,995.960376371,995.96037435,4.0206016321,0.7497998345,to_be_removed,to_be_removed,to_be_removed,to_be_removed,0.7498369591,to_be_removed,to_be_removed,to_be_removed
3,19,0.0785745243,0.000755243,0.0003341797,0,0,0,0,0,0.9863247706,0.0094803619,0.0041948675,0,0,0,0,0,995.917602725,995.917600551,3.9737071441,0.7497951611,to_be_removed,to_be_removed,to_be_removed,to_be_removed,0.7498369591,to_be_removed,to_be_removed,to_be_removed
3,20,0.0788783232,0.0054991052,0.0002535033,0,0,0,0,0,0.9320271167,0.064977486,0.0029953973,0,0,0,0,0,1.9437658485,2.1104068059,1.6283136603,0.345884007,to_be_removed,to_be_removed,to_be_removed,to_be_removed,0.7498369591,to_be_removed,to_be_removed,to_be_removed
3,21,0.0777076288,0.0017454796,0.0004202429,0,0,0,0,0,0.9728855445,0.0218530905,0.005261365,0,0,0,0,0,1.9706186782,1.9905046174,1.5800693274,0.346207024,to_be_removed,to_be_removed,to_be_removed,to_be_removed,0.7498369591,to_be_removed,to_be_removed,to_be_removed
3,22,0.0781258919,0.0023719485,0.0003399076,0,0,0,0,0,0.9664530964,0.0293420904,0.0042048132,0,0,0,0,0,2.0030258343,1.8705609856,1.5323760021,0.3462496535,to_be_removed,to_be_removed,to_be_removed,to_be_removed,0.7498369591,to_be_removed,to_be_removed,to_be_removed
3,23,0.0777616645,0.0018953693,0.0005657654,0,0,0,0,0,0.9693212564,0.0236263174,0.0070524263,0,0,0,0,0,2.0377310258,1.7507590878,1.4841044519,0.3465617171,to_be_removed,to_be_removed,to_be_removed,to_be_removed,0.7498369591,to_be_removed,to_be_removed,to_be_removed
3,24,0.0772766074,0.0013778391,0.0003774296,0,0,0,0,0,0.9777903704,0.0174339672,0.0047756624,0,0,0,0,0,2.0743419673,1.6312425664,1.4353048545,0.3472211922,to_be_removed,to_be_removed,to_be_removed,to_be_removed,0.7498369591,to_be_removed,to_be_removed,to_be_removed
3,25,0.0769846375,0.0007378017,0.000589708,0,0,0,0,0,0.9830484822,0.0094212937,0.007530224,0,0,0,0,0,2.1143464159,1.5118150239,1.3865257366,0.3478350454,to_be_removed,to_be_removed,to_be_removed,to_be_removed,0.7498369591,to_be_removed,to_be_removed,to_be_removed
3,26,0.0774254475,0.0011372875,0.0005069719,0,0,0,0,0,0.9792049389,0.0143833527,0.0064117083,0,0,0,0,0,2.1575454491,1.3924930308,1.3377758494,0.348367419,to_be_removed,to_be_removed,to_be_removed,to_be_removed,0.7498369591,to_be_removed,to_be_removed,to_be_removed
3,27,0.0768783643,0.0007563515,0.0005493644,0,0,0,0,0,0.983299465,0.0096739839,0.0070265511,0,0,0,0,0,2.2037439576,1.2733171875,1.2890649184,0.3487198614,to_be_removed,to_be_removed,to_be_removed,to_be_removed,0.7498369591,to_be_removed,to_be_removed,to_be_removed
3,28,0.0769120451,0.0158185275,0.0003515402,0,0,0,0,0,0.8262816865,0.1699416461,0.0037766674,0,0,0,0,0,2.185690538,1.2338324403,1.2503194189,0.3487769354,to_be_removed,to_be_removed,to_be_removed,to_be_removed,0.7498369591,to_be_removed,to_be_removed,to_be_removed
3,29,0.0709078231,0.0066355659,0.0003744839,0,0,0,0,0,0.9100328393,0.0851610242,0.0048061365,0,0,0,0,0,2.1195310864,1.1543396597,1.2404024975,0.3521805271,to_be_removed,to_be_removed,to_be_removed,to_be_removed,0.7498369591,to_be_removed,to_be_removed,to_be_removed
3,30,0.0670578449,0.0012809539,0.0003811883,0,0,0,0,0,0.9758128271,0.0186401939,0.005546979,0,0,0,0,0,2.0883318517,1.1209890897,1.2009533769,0.3561677213,to_be_removed,to_be_removed,to_be_removed,to_be_removed,0.7498369591,to_be_removed,to_be_removed,to_be_removed
3,31,0.06586695,0.0002291937,0.0002097439,0,0,0,0,0,0.9933801102,0.003456612,0.0031632778,0,0,0,0,0,2.1550203459,1.0418935937,1.191030911,0.359453581,to_be_removed,to_be_removed,to_be_removed,to_be_removed,0.7498369591,to_be_removed,to_be_removed,to_be_removed
3,32,0.0650882665,0.000970176,0.0001073117,0,0,0,0,0,0.9837153267,0.0146628113,0.001621862,0,0,0,0,0,2.121292134,1.0122732887,1.1529800246,0.3603147068,to_be_removed,to_be_removed,to_be_removed,to_be_removed,0.7498369591,to_be_removed,to_be_removed,to_be_removed
3,33,0.0624974864,0.0027315895,0.002969337,0,0,0,0,0,0.9164067581,0.0400535637,0.0435396782,0,0,0,0,0,2.0541628715,0.9338621521,1.1430461932,0.3610702091,to_be_removed,to_be_removed,to_be_removed,to_be_removed,0.7498369591,to_be_removed,to_be_removed,to_be_removed
3,34,0.0529849964,0.0023545351,0.0047934018,0,0,0,0,0,0.881131079,0.0391555007,0.0797134204,0,0,0,0,0,2.0190368184,0.9061973558,1.1059291666,0.3642225481,to_be_removed,to_be_removed,to_be_removed,to_be_removed,0.7498369591,to_be_removed,to_be_removed,to_be_removed
3,35,0.0612110019,0.0013786729,0.0007353453,0,0,0.0001935109,0,0,0.9636715597,0.0217050502,0.0115768631,0,0,0.0030465271,0,0,2.0865730661,0.8290603052,1.0959819653,0.3632169987,to_be_removed,to_be_removed,to_be_removed,to_be_removed,0.7498369591,to_be_removed,to_be_removed,to_be_removed
3,36,0.0694353131,0.0041668167,0,0,0,0.0154510453,0,0,0.7797062037,0.0467902091,0,0,0,0.1735035873,0,0,2.0521071561,0.8015705777,1.0590128519,0.3475456399,to_be_removed,to_be_removed,to_be_removed,to_be_removed,0.7498369591,to_be_removed,to_be_removed,to_be_removed
3,37,0.0748488876,0.0017984306,0,5.01868552179E-06,0,0.0020684051,0,0,0.9508153213,0.0228457024,0,0.000063753,0,0.0262752232,0,0,1.984154023,0.7269623495,1.0490528932,0.3682594717,to_be_removed,to_be_removed,to_be_removed,to_be_removed,0.7498369591,to_be_removed,to_be_removed,to_be_removed
3,38,0.0578361212,0.0082313438,0,0,0,0.0381863435,0,0,0.55476267,0.0789548501,0,0,0,0.36628248,0,0,1.9481554733,0.7016098471,1.0135087659,0.3443270974,to_be_removed,to_be_removed,to_be_removed,to_be_removed,0.7498369591,to_be_removed,to_be_removed,to_be_removed
3,39,0.0776082844,0.0007602278,0,0.0002232995,0,0.0014588788,0,0,0.9694892566,0.0094968295,0,0.0027894767,0,0.0182244372,0,0,2.0164819896,0.6280069394,1.003535042,0.3812987349,to_be_removed,to_be_removed,to_be_removed,to_be_removed,0.7498369591,to_be_removed,to_be_removed,to_be_removed
3,40,0.0776843317,0.0011414502,0,0.0007007792,0,0.0047363088,0,0,0.9219283862,0.0135463014,0,0.0083165835,0,0.0562087289,0,0,1.9784149648,0.6082548512,0.9720490262,0.3427914981,to_be_removed,to_be_removed,to_be_removed,to_be_removed,0.7498369591,to_be_removed,to_be_removed,to_be_removed
3,41,0.0797087198,0.0003106275,0,0.0013579003,0,0.0017363674,0,0,0.959033244,0.0037373841,0,0.0163378803,0,0.0208914916,0,0,1.9098378081,0.5343067728,0.9620606102,0.3916161472,to_be_removed,to_be_removed,to_be_removed,to_be_removed,0.7498369591,to_be_removed,to_be_removed,to_be_removed
3,42,0.0771873767,0.0022641868,0,0.0015109229,0,0.0082010727,0,0,0.8656829928,0.0253936347,0,0.0169455202,0,0.0919778523,0,0,1.8744238037,0.508623945,0.9269995756,0.354293108,to_be_removed,to_be_removed,to_be_removed,to_be_removed,0.7498369591,to_be_removed,to_be_removed,to_be_removed
3,43,0.079990016,0.0007205732,0,0.0013329132,0,0.001023392,0,0,0.9629590289,0.0086746134,0,0.0160462627,0,0.0123200951,0,0,1.9434033993,0.4367860009,0.9170035376,0.3794615764,to_be_removed,to_be_removed,to_be_removed,to_be_removed,0.7498369591,to_be_removed,to_be_removed,to_be_removed
3,44,0.0778658882,0.0016337716,0,0.0009573837,0,0.0076046685,0,0,0.8842195606,0.0185525758,0,0.0108717357,0,0.0863561278,0,0,1.9093964734,0.4095992005,0.8815810273,0.3418278848,to_be_removed,to_be_removed,to_be_removed,to_be_removed,0.7498369591,to_be_removed,to_be_removed,to_be_removed
3,45,0.0798304568,0.0006958379,0,0.0018821372,0,0.0022581939,0,0,0.9428798662,0.0082185622,0,0.0222299773,0,0.0266715943,0,0,1.8399776029,0.3511148043,0.8715813224,0.3862550155,to_be_removed,to_be_removed,to_be_removed,to_be_removed,0.7498369591,to_be_removed,to_be_removed,to_be_removed
3,46,0.0797628668,0.0004521322,0,0.0023862927,0,0.0008256996,0,0,0.9560798677,0.0054194951,0,0.0286033658,0,0.0098972714,0,0,1.8014427433,0.3306795905,0.8431421412,0.354810127,to_be_removed,to_be_removed,to_be_removed,to_be_removed,0.7498369591,to_be_removed,to_be_removed,to_be_removed
3,47,0.0795631385,0.0020005943,0,0.0022604606,0,0.0016822189,0,0,0.9304932386,0.0233970094,0,0.0264361529,0,0.019673599,0,0,1.8710990777,0.4105519396,0.833145326,0.420258921,to_be_removed,to_be_removed,to_be_removed,to_be_removed,0.7498369591,to_be_removed,to_be_removed,to_be_removed
3,48,0.0772549408,0.0013033737,0,0.0026144835,0.0070531176,0,0,0,0.8756490687,0.0147731387,0,0.0296339628,0.0799438298,0,0,0,1.8391018749,0.3817435154,0.797417122,0.3837231538,to_be_removed,to_be_removed,to_be_removed,to_be_removed,0.7498369591,to_be_removed,to_be_removed,to_be_removed
3,49,0.0615027443,0.0052810832,0,0.0007936617,0.0354800741,0,0,0,0.5967805015,0.0512440142,0,0.0077011493,0.344274335,0,0,0,1.7689398768,0.331991701,0.7874285235,0.4080023515,to_be_removed,to_be_removed,to_be_removed,to_be_removed,0.7498369591,to_be_removed,to_be_removed,to_be_removed
3,50,0.0552912899,0.004558304,0,0.0005179665,0.0384975809,0,0,0,0.5592597065,0.0461062809,0,0.005239122,0.3893948906,0,0,0,1.7292503261,0.3267045487,0.7749838491,0.3878044776,to_be_removed,to_be_removed,to_be_removed,to_be_removed,0.7498369591,to_be_removed,to_be_removed,to_be_removed
3,51,0.0540085442,0.0029840259,0,0.0011247839,0.0378987312,0,0,0,0.5624947543,0.0310783956,0,0.0117145357,0.3947123144,0,0,0,1.7993141599,0.4058302662,0.7650312031,0.434964582,to_be_removed,to_be_removed,to_be_removed,to_be_removed,0.7498369591,to_be_removed,to_be_removed,to_be_removed
3,52,0.0518220775,0.0027410938,0,0.0009423236,0.0348767536,0,0,0,0.5733656599,0.0303277893,0,0.0104259805,0.3858805703,0,0,0,1.7703028287,0.3754409916,0.728763261,0.4299699373,to_be_removed,to_be_removed,to_be_removed,to_be_removed,0.7498369591,to_be_removed,to_be_removed,to_be_removed
3,53,0.0541051771,0.0018706745,0,0.0009315245,0.0288146269,0,0,0,0.6311702387,0.021822571,0,0.0108668071,0.3361403833,0,0,0,1.699646594,0.3751819134,0.7188368834,0.4831815187,to_be_removed,to_be_removed,to_be_removed,to_be_removed,0.7498369591,to_be_removed,to_be_removed,to_be_removed
3,54,0.0566678733,0.0016712823,0,0.0004546631,0.0242674882,0,0,0,0.6822415326,0.0201210687,0,0.005473826,0.2921635728,0,0,0,1.6688278396,0.3426698512,0.6842119125,0.4754051461,to_be_removed,to_be_removed,to_be_removed,to_be_removed,0.7498369591,to_be_removed,to_be_removed,to_be_removed
3,55,0.0573670719,0.0014146949,0,0.0002229676,0.0223521939,0,0,0,0.7051282918,0.0173887453,0,0.0027406102,0.2747423526,0,0,0,1.7400397487,0.4088715981,0.6743271001,0.4685938365,to_be_removed,to_be_removed,to_be_removed,to_be_removed,0.7498369591,to_be_removed,to_be_removed,to_be_removed
3,56,0.0608407867,0.0005084417,0,0.0003401845,0.0183287884,0,0,0,0.7603368456,0.0063540754,0,0.0042513385,0.2290577404,0,0,0,1.7125787538,0.3788689971,0.6386496749,0.4608780451,to_be_removed,to_be_removed,to_be_removed,to_be_removed,0.7498369591,to_be_removed,to_be_removed,to_be_removed
3,57,0.0674550593,0.0001109978,0,0.0011211443,0.0129660628,0,0,0,0.8261158944,0.0013593792,0,0.0137305507,0.1587941757,0,0,0,1.6407562068,0.3653476612,0.6288148916,0.4778782895,to_be_removed,to_be_removed,to_be_removed,to_be_removed,0.7498369591,to_be_removed,to_be_removed,to_be_removed
3,58,0.0710326179,0.0004492782,0,0.001550511,0.010078756,0,0,0,0.8546700016,0.00540575,0,0.0186558696,0.1212683788,0,0,0,1.6099925574,0.3346623599,0.596277046,0.4812191048,to_be_removed,to_be_removed,to_be_removed,to_be_removed,0.7498369591,to_be_removed,to_be_removed,to_be_removed
3,59,0.0766480225,0.0003527182,0,0.0021225068,0.0064414352,0,0,0,0.8957904126,0.0041222408,0,0.024805875,0.0752814716,0,0,0,1.6823554903,0.4139748475,0.5865253829,0.4734185857,to_be_removed,to_be_removed,to_be_removed,to_be_removed,0.7498369591,to_be_removed,to_be_removed,to_be_removed
3,60,0.0799710213,0.0005483304,0,0.002564526,0.0031910418,0,0,0,0.9269324363,0.0063556174,0,0.0297250464,0.0369868999,0,0,0,1.6583010579,0.3808642081,0.5507765704,0.4570475373,to_be_removed,to_be_removed,to_be_removed,to_be_removed,0.7498369591,to_be_removed,to_be_removed,to_be_removed
3,61,0.0799919951,5.1278623665E-06,0,0.0016859687,0.0017797879,3.37692527633E-05,0,0,0.958026415,0.000061414,0,0.020192052,0.0213156806,0.0004044384,0,0,1.5852895888,0.3554647465,0.5411104024,0.4949313314,to_be_removed,to_be_removed,to_be_removed,to_be_removed,0.7498369591,to_be_removed,to_be_removed,to_be_removed
3,62,0.0788816477,1.16558019752E-06,0,0.0018643024,0.0003473688,0,0,0,0.9727128574,1.43731131025E-05,0,0.022989262,0.0042835074,0,0,0,1.5571101487,0.3221106124,0.509107737,0.4794862857,to_be_removed,to_be_removed,to_be_removed,to_be_removed,0.7498369591,to_be_removed,to_be_removed,to_be_removed
3,63,0.0783571615,0.0007139622,0,0.0018054921,1.6358743928E-05,0,0,0,0.9686522468,0.0088260099,0,0.0223195163,0.000202227,0,0,0,1.630693212,0.3926349213,0.4995850382,0.464398134,to_be_removed,to_be_removed,to_be_removed,to_be_removed,0.7498369591,to_be_removed,to_be_removed,to_be_removed
3,64,0.0784818824,0.0005482895,0,0.0017072327,0,0,0,0,0.9720634794,0.0067910219,0,0.0211454987,0,0,0,0,1.6081246989,0.3598721313,0.4654985332,0.4468909162,to_be_removed,to_be_removed,to_be_removed,to_be_removed,0.7498369591,to_be_removed,to_be_removed,to_be_removed
3,65,0.0789451721,3.53196493335E-05,0,0.0015417171,0,0.0001568796,0,0,0.9785084785,0.0004377795,0,0.019109253,0,0.0019444891,0,0,1.5339065002,0.4046988041,0.4561412018,0.4823520903,to_be_removed,to_be_removed,to_be_removed,to_be_removed,0.7498369591,to_be_removed,to_be_removed,to_be_removed
3,66,0.0784331205,0.0005134972,0,0.001560994,0,1.10646549972E-07,0,0,0.9742310208,0.0063782352,0,0.0193893696,0,1.37435946206E-06,0,0,1.5131112892,0.3685002998,0.4221148762,0.4670744148,to_be_removed,to_be_removed,to_be_removed,to_be_removed,0.7498369591,to_be_removed,to_be_removed,to_be_removed
3,67,0.0784534777,0.0004676998,0,0.0014110824,0,0,0,0,0.9766123583,0.0058220665,0,0.0175655752,0,0,0,0,1.5879690554,0.3979739121,0.4129720526,0.4532728686,to_be_removed,to_be_removed,to_be_removed,to_be_removed,0.7498369591,to_be_removed,to_be_removed,to_be_removed
3,68,0.07848479,0.0004239575,0,0.0012634132,0,0,0,0,0.9789531589,0.0052880892,0,0.015758752,0,0,0,0,1.4920501297,0.3885686464,0.3722484392,0.4344965782,to_be_removed,to_be_removed,to_be_removed,to_be_removed,0.7498369591,to_be_removed,to_be_removed,to_be_removed
3,69,0.0792275202,2.86464151862E-05,0,0.0012396682,0,0.0002115896,0,0,0.9816633446,0.0003549415,0,0.0153600271,0,0.0026216868,0,0,1.4676200742,0.3582309709,0.346067225,0.4751310045,to_be_removed,to_be_removed,to_be_removed,to_be_removed,0.7498369591,to_be_removed,to_be_removed,to_be_removed
3,70,0.0785330994,2.72375019589E-05,0,0.0011245645,0,0.000011127,0,0,0.9854079426,0.0003417674,0,0.0141106723,0,0.0001396178,0,0,1.543627194,0.4375979813,0.33774455,0.4568299339,to_be_removed,to_be_removed,to_be_removed,to_be_removed,0.7498369591,to_be_removed,to_be_removed,to_be_removed
3,71,0.0784415693,0.0003801872,0,0.0010013677,0,0,0,0,0.9826922972,0.0047628711,0,0.0125448318,0,0,0,0,1.5070079441,0.4287590054,0.3352291749,0.441760505,to_be_removed,to_be_removed,to_be_removed,to_be_removed,0.7498369591,to_be_removed,to_be_removed,to_be_removed
3,72,0.0784571159,0.0003721709,0,0.0009874931,0,0,0,0,0.9829651858,0.004662815,0,0.0123719992,0,0,0,0,1.4307400038,0.3890597217,0.3277403288,0.4274238215,to_be_removed,to_be_removed,to_be_removed,to_be_removed,0.7498369591,to_be_removed,to_be_removed,to_be_removed
3,73,0.0799772797,0.0001031182,0,0.0008529366,0,0.0005372087,0,0,0.9816711243,0.0012657119,0,0.0104692632,0,0.0065939005,0,0,1.3932678452,0.3792739807,0.3328197621,0.4569745596,to_be_removed,to_be_removed,to_be_removed,to_be_removed,0.7498369591,to_be_removed,to_be_removed,to_be_removed
3,74,0.0787583203,0.0004935205,0,0.0008560904,0,3.14245741303E-05,0,0,0.9827670765,0.0061582783,0,0.010682521,0,0.0003921241,0,0,1.4697703223,0.4524228781,0.3263423387,0.4455664106,to_be_removed,to_be_removed,to_be_removed,to_be_removed,0.7498369591,to_be_removed,to_be_removed,to_be_removed
3,75,0.0786514469,0.0005000588,0,0.0007533744,0,0,0,0,0.9843134346,0.0062581755,0,0.0094283898,0,0,0,0,1.4347191069,0.4447948762,0.3324496172,0.432881212,to_be_removed,to_be_removed,to_be_removed,to_be_removed,0.7498369591,to_be_removed,to_be_removed,to_be_removed
3,76,0.0786955361,0.0005153799,0,0.0007714499,0,0,0,0,0.9839110806,0.0064436691,0,0.0096452503,0,0,0,0,1.3579092138,0.5084674924,0.3271367345,0.4170105813,to_be_removed,to_be_removed,to_be_removed,to_be_removed,0.7498369591,to_be_removed,to_be_removed,to_be_removed
3,77,0.0798108203,0.0004891702,0,0.0005659067,0,0.0007468499,0,0,0.9779210132,0.0059937963,0,0.0069340474,0,0.0091511431,0,0,1.3248565892,0.4963169302,0.3351521548,0.4502909657,to_be_removed,to_be_removed,to_be_removed,to_be_removed,0.7498369591,to_be_removed,to_be_removed,to_be_removed
3,78,0.0795245759,0.0005442715,0,0.0005834017,0,6.20727588036E-05,0,0,0.9852597917,0.0067431837,0,0.0072279819,0,0.0007690427,0,0,1.4020255199,0.4360184985,0.3311192551,0.437742194,to_be_removed,to_be_removed,to_be_removed,to_be_removed,0.7498369591,to_be_removed,to_be_removed,to_be_removed
3,79,0.0790071621,0.0005646937,0,0.0007091208,0,0,0,0,0.9841330475,0.007033966,0,0.0088329866,0,0,0,0,1.3743287149,0.4247140404,0.3380388902,0.426540523,to_be_removed,to_be_removed,to_be_removed,to_be_removed,0.7498369591,to_be_removed,to_be_removed,to_be_removed
3,80,0.0794770285,0.0010931395,0,0.0004911356,0,0,0,0,0.9804558393,0.0134853436,0,0.0060588171,0,0,0,0,1.2967291645,0.484856574,0.3353790882,0.406381112,to_be_removed,to_be_removed,to_be_removed,to_be_removed,0.7498369591,to_be_removed,to_be_removed,to_be_removed
3,81,0.0794716572,0.0005781792,0,0.0004919012,0,0.0008583077,0,0,0.9763097421,0.0071029341,0,0.0060430093,0,0.0105443146,0,0,1.2742956147,0.4663230236,0.34171261,0.4514661185,to_be_removed,to_be_removed,to_be_removed,to_be_removed,0.7498369591,to_be_removed,to_be_removed,to_be_removed
3,82,0.0799442945,0.000611096,0,0.000511154,0,0.000121875,0,0,0.9846760777,0.0075268863,0,0.0062958979,0,0.0015011381,0,0,1.3523594782,0.5298531609,0.3404796594,0.4347663724,to_be_removed,to_be_removed,to_be_removed,to_be_removed,0.7498369591,to_be_removed,to_be_removed,to_be_removed
3,83,0.0796751424,0.0012352541,0,0.0005206396,0,9.67202872916E-09,0,0,0.97843693,0.0151693259,0,0.0063936253,0,1.1877569108E-07,0,0,1.33366144,0.5079437307,0.3497303932,0.4219645801,to_be_removed,to_be_removed,to_be_removed,to_be_removed,0.7498369591,to_be_removed,to_be_removed,to_be_removed
3,84,0.0797758566,0.0019102777,0,0.0005145143,0,0,0,0,0.9705015465,0.0232392049,0,0.0062592486,0,0,0,0,1.2551530977,0.5712672123,0.3499111672,0.4045593764,to_be_removed,to_be_removed,to_be_removed,to_be_removed,0.7498369591,to_be_removed,to_be_removed,to_be_removed
3,85,0.0781404346,6.59547291969E-05,0,0.0003795309,0,0.0017927016,0,0,0.9721544469,0.0008205506,0,0.004721789,0,0.0223032134,0,0,1.2407358583,0.5451187497,0.3606282158,0.4451165282,to_be_removed,to_be_removed,to_be_removed,to_be_removed,0.7498369591,to_be_removed,to_be_removed,to_be_removed
3,86,0.0799996695,0.0013911374,0,0.0005275104,0,0.0001790623,0,0,0.9744485138,0.0169449666,0,0.0064254226,0,0.0021810969,0,0,1.319657845,0.4651413587,0.3621679921,0.4340294992,to_be_removed,to_be_removed,to_be_removed,to_be_removed,0.7498369591,to_be_removed,to_be_removed,to_be_removed
3,87,0.0799436949,0.0020651119,0,0.0005077328,0,2.31947263648E-08,0,0,0.9688199823,0.0250266346,0,0.006153102,0,2.81091766129E-07,0,0,1.3114575906,0.4372341589,0.3733340599,0.4223076382,to_be_removed,to_be_removed,to_be_removed,to_be_removed,0.7498369591,to_be_removed,to_be_removed,to_be_removed
3,88,0.0799794676,0.0020007101,0,0.0003644368,0,0,0,0,0.9712774554,0.0242967936,0,0.004425751,0,0,0,0,1.2321713682,0.513554038,0.3761512024,0.4030779088,to_be_removed,to_be_removed,to_be_removed,to_be_removed,0.7498369591,to_be_removed,to_be_removed,to_be_removed
3,89,0.0765770612,0.0006052854,0,0.0001572438,0,0.0013857886,0,0,0.9727112419,0.0076885679,0,0.0019973706,0,0.0176028196,0,0,1.2277340519,0.4838573529,0.3893956935,0.4503186394,to_be_removed,to_be_removed,to_be_removed,to_be_removed,0.7498369591,to_be_removed,to_be_removed,to_be_removed
3,90,0.0793677319,0.0012545845,0,0.0002165696,0,7.50630948978E-05,0,0,0.9808905979,0.0155051699,0,0.0026765418,0,0.0009276904,0,0,1.3073154509,0.5520882073,0.3933705221,0.4392881278,to_be_removed,to_be_removed,to_be_removed,to_be_removed,0.7498369591,to_be_removed,to_be_removed,to_be_removed
3,91,0.0794097561,0.0018186616,0,0.0001996882,0,0,0,0,0.9752131061,0.0223345689,0,0.002452325,0,0,0,0,1.307298736,0.5197530664,0.4083459968,0.4296592223,to_be_removed,to_be_removed,to_be_removed,to_be_removed,0.7498369591,to_be_removed,to_be_removed,to_be_removed
3,92,0.0794981154,0.0024743959,0,0.0001804131,0,0,0,0,0.9676845465,0.0301193893,0,0.0021960642,0,0,0,0,1.2274989738,0.5774582368,0.4133461389,0.4054005379,to_be_removed,to_be_removed,to_be_removed,to_be_removed,0.7498369591,to_be_removed,to_be_removed,to_be_removed
3,93,0.0767925189,0.0001896827,0,0.0001548486,0,0.0014011718,0,0,0.9777725665,0.0024151642,0,0.0019716339,0,0.0178406354,0,0,1.231141836,0.5424111077,0.430008988,0.4641354236,to_be_removed,to_be_removed,to_be_removed,to_be_removed,0.7498369591,to_be_removed,to_be_removed,to_be_removed
3,94,0.0798108157,0.0016454801,0,0.0002270845,0,5.82134255402E-05,0,0,0.976379491,0.0201302672,0,0.0027780778,0,0.0007121641,0,0,1.3110798378,0.4802443006,0.4358985655,0.4541243017,to_be_removed,to_be_removed,to_be_removed,to_be_removed,0.7498369591,to_be_removed,to_be_removed,to_be_removed
3,95,0.0793409083,0.0008026813,0,7.33423699484E-06,0,0,0,0,0.9898938714,0.0100146232,0,9.1505333236E-05,0,0,0,0,1.3167032521,0.4478739417,0.4555813371,0.4367932803,to_be_removed,to_be_removed,to_be_removed,to_be_removed,0.7498369591,to_be_removed,to_be_removed,to_be_removed
3,96,0.0765651701,0.0008601449,0,0.0001870442,0,0.0022247148,0,0,0.9590177378,0.0107737524,0,0.0023428239,0,0.0278656858,0,0,1.2367059842,0.5098982713,0.4622157881,0.4280926515,to_be_removed,to_be_removed,to_be_removed,to_be_removed,0.7498369591,to_be_removed,to_be_removed,to_be_removed
3,97,0.0791956356,0.0006105899,0,0.0002405335,0,5.99357262341E-05,0,0,0.988626929,0.0076222083,0,0.003002664,0,0.0007481987,0,0,1.2451832419,0.4753004253,0.4835787901,0.4532811436,to_be_removed,to_be_removed,to_be_removed,to_be_removed,0.7498369591,to_be_removed,to_be_removed,to_be_removed
3,98,0.0785285518,0.0005102837,0,0.0002942954,0,0,0,0,0.98985822,0.0064321645,0,0.0037096155,0,0,0,0,1.3251634029,0.5396530059,0.4908365947,0.4416155863,to_be_removed,to_be_removed,to_be_removed,to_be_removed,0.7498369591,to_be_removed,to_be_removed,to_be_removed
3,99,0.0741141926,0.0001757902,0,0.0005323675,0,0.0038665282,0,0,0.9418636274,0.0022339906,0,0.0067654736,0,0.0491369084,0,0,1.3344397502,0.5041452955,0.5151514036,0.4534967906,to_be_removed,to_be_removed,to_be_removed,to_be_removed,0.7498369591,to_be_removed,to_be_removed,to_be_removed
3,100,0.0786761305,0.0004209288,0,0.000550947,0,2.3770583935E-05,0,0,0.9875031479,0.0052832867,0,0.006915209,0,0.0002983564,0,0,1.254549743,0.565382599,0.5229125039,0.4619124923,to_be_removed,to_be_removed,to_be_removed,to_be_removed,0.7498369591,to_be_removed,to_be_removed,to_be_removed
3,101,0.0786454019,0.0007994621,0,0.0006585952,0,0,0,0,0.9817978239,0.0099803688,0,0.0082218073,0,0,0,0,1.2646125106,0.5289888771,0.5498150328,0.4826448142,to_be_removed,to_be_removed,to_be_removed,to_be_removed,0.7498369591,to_be_removed,to_be_removed,to_be_removed
3,102,0.0764183864,0.0008514344,0,0.0008826793,0,0.0012501725,0,0,0.9624157961,0.0107229944,0,0.0111164934,0,0.0157447161,0,0,1.3443419452,0.4636979208,0.5579780149,0.5025573982,to_be_removed,to_be_removed,to_be_removed,to_be_removed,0.7498369591,to_be_removed,to_be_removed,to_be_removed
3,103,0.0786829271,0.0012386291,0,0.0010323613,0,4.36351363618E-06,0,0,0.9718947353,0.0152995968,0,0.0127517696,0,5.38982990096E-05,0,0,1.3551309604,0.4299369069,0.5868295161,0.5009808486,to_be_removed,to_be_removed,to_be_removed,to_be_removed,0.7498369591,to_be_removed,to_be_removed,to_be_removed
3,104,0.07329635,0.0013651552,0,0.0006794383,0,0.0026096144,0,0,0.9402928212,0.0175130904,0,0.0087162729,0,0.0334778155,0,0,1.2756291806,0.4945448246,0.5953141944,0.4934160881,to_be_removed,to_be_removed,to_be_removed,to_be_removed,0.7498369591,to_be_removed,to_be_removed,to_be_removed
3,105,0.0786457605,0.0006599598,0,0.0007024743,0,2.64822773185E-05,0,0,0.9826460677,0.008245923,0,0.0087771243,0,0.000330885,0,0,1.2878511219,0.4595700963,0.6255941736,0.5232378822,to_be_removed,to_be_removed,to_be_removed,to_be_removed,0.7498369591,to_be_removed,to_be_removed,to_be_removed
3,106,0.078605525,0.0015659091,0,0.0009208173,0,0,0,0,0.9693345995,0.0193102186,0,0.0113551819,0,0,0,0,1.3670624242,0.5265501909,0.6343383797,0.5883346363,to_be_removed,to_be_removed,to_be_removed,to_be_removed,0.7498369591,to_be_removed,to_be_removed,to_be_removed
3,107,0.0771208441,0.0024997556,0,0.0018971762,0,0.000725377,0,0,0.9377175046,0.0303946959,0,0.0230678922,0,0.0088199074,0,0,1.3795691382,0.4908631155,0.6661431793,0.5743724759,to_be_removed,to_be_removed,to_be_removed,to_be_removed,0.7498369591,to_be_removed,to_be_removed,to_be_removed
3,108,0.0782157086,0.0020034735,0,0.0012501486,0,0,0,0,0.9600632286,0.0245917506,0,0.0153450208,0,0,0,0,1.3007087338,0.5511702442,0.6750945224,0.616408271,to_be_removed,to_be_removed,to_be_removed,to_be_removed,0.7498369591,to_be_removed,to_be_removed,to_be_removed
3,109,0.0773683958,0.0021418388,0,0.0018678618,0,0,0,0,0.9507275206,0.0263195981,0,0.0229528813,0,0,0,0,1.3141893422,0.5145332759,0.7081642763,0.6820647367,to_be_removed,to_be_removed,to_be_removed,to_be_removed,0.7498369591,to_be_removed,to_be_removed,to_be_removed
3,110,0.0757549232,0.0052775728,0,0.0041026474,0,0,0,0,0.8898196472,0.0619905313,0,0.0481898215,0,0,0,0,1.392641676,0.4555129073,0.7172816066,0.6854252988,to_be_removed,to_be_removed,to_be_removed,to_be_removed,0.7498369591,to_be_removed,to_be_removed,to_be_removed
3,111,0.0733058589,0.0118401795,0,0.0109506096,0,0,0,0,0.7628347133,0.1232111599,0,0.1139541268,0,0,0,0,1.4068718598,0.4216207737,0.7510714405,0.7301123679,to_be_removed,to_be_removed,to_be_removed,to_be_removed,0.7498369591,to_be_removed,to_be_removed,to_be_removed
3,112,0.0701511896,0.0113233858,0,0.0133413856,0,0,0,0,0.7398668838,0.119424891,0,0.1407082252,0,0,0,0,1.3288783976,0.4830384407,0.7603252439,0.7552614112,to_be_removed,to_be_removed,to_be_removed,to_be_removed,0.7552614112,to_be_removed,to_be_removed,to_be_removed
3,113,0.0590132717,0.0330561319,0,0.030190043,0,0,0,0,0.4826888503,0.2703769142,0,0.2469342354,0,0,0,0,1.344689866,0.4477117366,0.794745072,0.7816377938,to_be_removed,to_be_removed,to_be_removed,to_be_removed,0.7816377938,to_be_removed,to_be_removed,to_be_removed
3,114,0.0764907182,0.0107692102,0,0.0185571927,0,0,0,0,0.7228576757,0.1017719072,0,0.1753704171,0,0,0,0,1.4221782217,0.5141485816,0.8041116096,0.7698428565,to_be_removed,to_be_removed,to_be_removed,to_be_removed,0.7816377938,to_be_removed,to_be_removed,to_be_removed
3,115,0.0068398143,0.043472516,0,0.0797100879,0,0,0,0,0.0526048844,0.334346312,0,0.6130488037,0,0,0,0,1.4380026882,0.4780397999,0.8393349884,0.8138580538,to_be_removed,to_be_removed,to_be_removed,to_be_removed,0.8138580538,to_be_removed,to_be_removed,to_be_removed
3,116,0.0492913304,0.0010420391,0,0.0089989751,0,0,0,0,0.8307666043,0.0175627487,0,0.151670647,0,0,0,0,1.3610647138,0.5455645531,0.8487932766,0.79023883,to_be_removed,to_be_removed,to_be_removed,to_be_removed,0.8138580538,to_be_removed,to_be_removed,to_be_removed
,,,,,,,,,,,,,,,,,,,,,,,,,,,,,
randomseed,[2],modified_value,[i],x[1.000000],from,[1],,,,,,,,,,,,,,,,,,,,,,,

randomseed [1] modified_value [i] x[1.000000] from [1]
drone_no t delta_des delta_l delta_f2 delta_f3 delta_obs[-1] delta_obs[-2] delta_obs[-3] delta_wall cont_s_des cont_s_l cont_s_f2 cont_s_f3 cont_s_obs[-1] cont_s_obs[-2] cont_s_obs[-3] cont_s_wall dist_d_obs_ltr dist_d_obs_dia dist_d_obs_btt relative_s_obs_dia dist_first_saw dist_biggest_infl dist_closest accu_infl max_relative_s extra_dist_with_1st extra_dist_with_2nd extra_dist_with_3rd 
